#! /c/Source/iverilog-install/bin/vvp
:ivl_version "12.0 (devel)" "(s20150603-1110-g18392a46)";
:ivl_delay_selection "TYPICAL";
:vpi_time_precision - 12;
:vpi_module "C:\iverilog\lib\ivl\system.vpi";
:vpi_module "C:\iverilog\lib\ivl\vhdl_sys.vpi";
:vpi_module "C:\iverilog\lib\ivl\vhdl_textio.vpi";
:vpi_module "C:\iverilog\lib\ivl\v2005_math.vpi";
:vpi_module "C:\iverilog\lib\ivl\va_math.vpi";
S_0000014cd111ec00 .scope module, "FourBitALU_tb" "FourBitALU_tb" 2 2;
 .timescale -9 -12;
v0000014cd117f360_0 .var "A", 3 0;
v0000014cd117f7c0_0 .var "B", 3 0;
v0000014cd117f860_0 .var "Cin", 0 0;
v0000014cd117f900_0 .net "Cout", 0 0, L_0000014cd11d8d50;  1 drivers
v0000014cd117f4a0_0 .net "D", 3 0, L_0000014cd11d8df0;  1 drivers
v0000014cd117f0e0_0 .var "S0", 0 0;
v0000014cd117e140_0 .var "S1", 0 0;
S_0000014cd11fdec0 .scope module, "uut" "FourBitALU" 2 8, 3 1 0, S_0000014cd111ec00;
 .timescale 0 0;
    .port_info 0 /INPUT 4 "A";
    .port_info 1 /INPUT 4 "B";
    .port_info 2 /INPUT 1 "S1";
    .port_info 3 /INPUT 1 "S0";
    .port_info 4 /INPUT 1 "Cin";
    .port_info 5 /OUTPUT 4 "D";
    .port_info 6 /OUTPUT 1 "Cout";
L_0000014cd11f9d20 .functor AND 1, L_0000014cd117e1e0, L_0000014cd117e5a0, C4<1>, C4<1>;
L_0000014cd11f9ee0 .functor AND 1, L_0000014cd117e320, L_0000014cd117e640, C4<1>, C4<1>;
L_0000014cd11fa260 .functor NOT 4, v0000014cd117f7c0_0, C4<0000>, C4<0000>, C4<0000>;
v0000014cd111adb0_0 .net "A", 3 0, v0000014cd117f360_0;  1 drivers
v0000014cd111b030_0 .net "B", 3 0, v0000014cd117f7c0_0;  1 drivers
v0000014cd111b0d0_0 .net "Cin", 0 0, v0000014cd117f860_0;  1 drivers
v0000014cd111b5d0_0 .net "Cout", 0 0, L_0000014cd11d8d50;  alias, 1 drivers
v0000014cd111af90_0 .net "D", 3 0, L_0000014cd11d8df0;  alias, 1 drivers
v0000014cd111b2b0_0 .net "S0", 0 0, v0000014cd117f0e0_0;  1 drivers
v0000014cd111b8f0_0 .net "S1", 0 0, v0000014cd117e140_0;  1 drivers
v0000014cd111b850_0 .net "Y", 3 0, L_0000014cd117f680;  1 drivers
v0000014cd111b350_0 .net *"_ivl_0", 31 0, L_0000014cd117fea0;  1 drivers
L_0000014cd11800f8 .functor BUFT 1, C4<0000000000000000000000000000000>, C4<0>, C4<0>, C4<0>;
v0000014cd111b990_0 .net *"_ivl_11", 30 0, L_0000014cd11800f8;  1 drivers
L_0000014cd1180140 .functor BUFT 1, C4<00000000000000000000000000000000>, C4<0>, C4<0>, C4<0>;
v0000014cd111b3f0_0 .net/2u *"_ivl_12", 31 0, L_0000014cd1180140;  1 drivers
v0000014cd111b670_0 .net *"_ivl_14", 0 0, L_0000014cd117e5a0;  1 drivers
v0000014cd111ba30_0 .net *"_ivl_17", 0 0, L_0000014cd11f9d20;  1 drivers
v0000014cd111b710_0 .net *"_ivl_18", 31 0, L_0000014cd117e280;  1 drivers
L_0000014cd1180188 .functor BUFT 1, C4<0000000000000000000000000000000>, C4<0>, C4<0>, C4<0>;
v0000014cd111b7b0_0 .net *"_ivl_21", 30 0, L_0000014cd1180188;  1 drivers
L_0000014cd11801d0 .functor BUFT 1, C4<00000000000000000000000000000000>, C4<0>, C4<0>, C4<0>;
v0000014cd117fae0_0 .net/2u *"_ivl_22", 31 0, L_0000014cd11801d0;  1 drivers
v0000014cd117f5e0_0 .net *"_ivl_24", 0 0, L_0000014cd117e320;  1 drivers
v0000014cd117e8c0_0 .net *"_ivl_26", 31 0, L_0000014cd117e3c0;  1 drivers
L_0000014cd1180218 .functor BUFT 1, C4<0000000000000000000000000000000>, C4<0>, C4<0>, C4<0>;
v0000014cd117e460_0 .net *"_ivl_29", 30 0, L_0000014cd1180218;  1 drivers
L_0000014cd1180068 .functor BUFT 1, C4<0000000000000000000000000000000>, C4<0>, C4<0>, C4<0>;
v0000014cd117eb40_0 .net *"_ivl_3", 30 0, L_0000014cd1180068;  1 drivers
L_0000014cd1180260 .functor BUFT 1, C4<00000000000000000000000000000001>, C4<0>, C4<0>, C4<0>;
v0000014cd117eaa0_0 .net/2u *"_ivl_30", 31 0, L_0000014cd1180260;  1 drivers
v0000014cd117edc0_0 .net *"_ivl_32", 0 0, L_0000014cd117e640;  1 drivers
v0000014cd117ee60_0 .net *"_ivl_35", 0 0, L_0000014cd11f9ee0;  1 drivers
v0000014cd117ea00_0 .net *"_ivl_36", 3 0, L_0000014cd11fa260;  1 drivers
v0000014cd117f720_0 .net *"_ivl_38", 31 0, L_0000014cd117f180;  1 drivers
L_0000014cd11800b0 .functor BUFT 1, C4<00000000000000000000000000000000>, C4<0>, C4<0>, C4<0>;
v0000014cd117ef00_0 .net/2u *"_ivl_4", 31 0, L_0000014cd11800b0;  1 drivers
L_0000014cd11802a8 .functor BUFT 1, C4<0000000000000000000000000000000>, C4<0>, C4<0>, C4<0>;
v0000014cd117f040_0 .net *"_ivl_41", 30 0, L_0000014cd11802a8;  1 drivers
L_0000014cd11802f0 .functor BUFT 1, C4<00000000000000000000000000000001>, C4<0>, C4<0>, C4<0>;
v0000014cd117fb80_0 .net/2u *"_ivl_42", 31 0, L_0000014cd11802f0;  1 drivers
v0000014cd117e960_0 .net *"_ivl_44", 0 0, L_0000014cd117e780;  1 drivers
L_0000014cd1180338 .functor BUFT 1, C4<0000>, C4<0>, C4<0>, C4<0>;
v0000014cd117ebe0_0 .net/2u *"_ivl_46", 3 0, L_0000014cd1180338;  1 drivers
L_0000014cd1180380 .functor BUFT 1, C4<0000>, C4<0>, C4<0>, C4<0>;
v0000014cd117ed20_0 .net/2u *"_ivl_48", 3 0, L_0000014cd1180380;  1 drivers
v0000014cd117f220_0 .net *"_ivl_50", 3 0, L_0000014cd117e820;  1 drivers
v0000014cd117fc20_0 .net *"_ivl_52", 3 0, L_0000014cd117f540;  1 drivers
v0000014cd117fd60_0 .net *"_ivl_56", 4 0, L_0000014cd117f9a0;  1 drivers
L_0000014cd11803c8 .functor BUFT 1, C4<0>, C4<0>, C4<0>, C4<0>;
v0000014cd117f2c0_0 .net *"_ivl_59", 0 0, L_0000014cd11803c8;  1 drivers
v0000014cd117ec80_0 .net *"_ivl_6", 0 0, L_0000014cd117e1e0;  1 drivers
v0000014cd117fcc0_0 .net *"_ivl_60", 4 0, L_0000014cd117fa40;  1 drivers
L_0000014cd1180410 .functor BUFT 1, C4<0>, C4<0>, C4<0>, C4<0>;
v0000014cd117fe00_0 .net *"_ivl_63", 0 0, L_0000014cd1180410;  1 drivers
v0000014cd117e6e0_0 .net *"_ivl_64", 4 0, L_0000014cd11d8990;  1 drivers
v0000014cd117e0a0_0 .net *"_ivl_66", 4 0, L_0000014cd11d8ad0;  1 drivers
L_0000014cd1180458 .functor BUFT 1, C4<0000>, C4<0>, C4<0>, C4<0>;
v0000014cd117e500_0 .net *"_ivl_69", 3 0, L_0000014cd1180458;  1 drivers
v0000014cd117efa0_0 .net *"_ivl_8", 31 0, L_0000014cd117ff40;  1 drivers
v0000014cd117f400_0 .net "result", 4 0, L_0000014cd11d8f30;  1 drivers
L_0000014cd117fea0 .concat [ 1 31 0 0], v0000014cd117e140_0, L_0000014cd1180068;
L_0000014cd117e1e0 .cmp/eq 32, L_0000014cd117fea0, L_0000014cd11800b0;
L_0000014cd117ff40 .concat [ 1 31 0 0], v0000014cd117f0e0_0, L_0000014cd11800f8;
L_0000014cd117e5a0 .cmp/eq 32, L_0000014cd117ff40, L_0000014cd1180140;
L_0000014cd117e280 .concat [ 1 31 0 0], v0000014cd117e140_0, L_0000014cd1180188;
L_0000014cd117e320 .cmp/eq 32, L_0000014cd117e280, L_0000014cd11801d0;
L_0000014cd117e3c0 .concat [ 1 31 0 0], v0000014cd117f0e0_0, L_0000014cd1180218;
L_0000014cd117e640 .cmp/eq 32, L_0000014cd117e3c0, L_0000014cd1180260;
L_0000014cd117f180 .concat [ 1 31 0 0], v0000014cd117e140_0, L_0000014cd11802a8;
L_0000014cd117e780 .cmp/eq 32, L_0000014cd117f180, L_0000014cd11802f0;
L_0000014cd117e820 .functor MUXZ 4, L_0000014cd1180380, L_0000014cd1180338, L_0000014cd117e780, C4<>;
L_0000014cd117f540 .functor MUXZ 4, L_0000014cd117e820, L_0000014cd11fa260, L_0000014cd11f9ee0, C4<>;
L_0000014cd117f680 .functor MUXZ 4, L_0000014cd117f540, v0000014cd117f7c0_0, L_0000014cd11f9d20, C4<>;
L_0000014cd117f9a0 .concat [ 4 1 0 0], v0000014cd117f360_0, L_0000014cd11803c8;
L_0000014cd117fa40 .concat [ 4 1 0 0], L_0000014cd117f680, L_0000014cd1180410;
L_0000014cd11d8990 .arith/sum 5, L_0000014cd117f9a0, L_0000014cd117fa40;
L_0000014cd11d8ad0 .concat [ 1 4 0 0], v0000014cd117f860_0, L_0000014cd1180458;
L_0000014cd11d8f30 .arith/sum 5, L_0000014cd11d8990, L_0000014cd11d8ad0;
L_0000014cd11d8df0 .part L_0000014cd11d8f30, 0, 4;
L_0000014cd11d8d50 .part L_0000014cd11d8f30, 4, 1;
    .scope S_0000014cd111ec00;
T_0 ;
    %vpi_call 2 11 "$dumpfile", "FourBitALU.vcd" {0 0 0};
    %vpi_call 2 12 "$dumpvars", 32'sb00000000000000000000000000000000, S_0000014cd111ec00 {0 0 0};
    %vpi_call 2 13 "$monitor", "t=%0t A=%b B=%b S1=%b S0=%b Cin=%b -> D=%b Cout=%b", $time, v0000014cd117f360_0, v0000014cd117f7c0_0, v0000014cd117e140_0, v0000014cd117f0e0_0, v0000014cd117f860_0, v0000014cd117f4a0_0, v0000014cd117f900_0 {0 0 0};
    %pushi/vec4 5, 0, 4;
    %store/vec4 v0000014cd117f360_0, 0, 4;
    %pushi/vec4 3, 0, 4;
    %store/vec4 v0000014cd117f7c0_0, 0, 4;
    %pushi/vec4 0, 0, 1;
    %store/vec4 v0000014cd117e140_0, 0, 1;
    %pushi/vec4 0, 0, 1;
    %store/vec4 v0000014cd117f0e0_0, 0, 1;
    %pushi/vec4 0, 0, 1;
    %store/vec4 v0000014cd117f860_0, 0, 1;
    %delay 10000, 0;
    %pushi/vec4 0, 0, 1;
    %store/vec4 v0000014cd117e140_0, 0, 1;
    %pushi/vec4 0, 0, 1;
    %store/vec4 v0000014cd117f0e0_0, 0, 1;
    %pushi/vec4 1, 0, 1;
    %store/vec4 v0000014cd117f860_0, 0, 1;
    %delay 10000, 0;
    %pushi/vec4 0, 0, 1;
    %store/vec4 v0000014cd117e140_0, 0, 1;
    %pushi/vec4 1, 0, 1;
    %store/vec4 v0000014cd117f0e0_0, 0, 1;
    %pushi/vec4 0, 0, 1;
    %store/vec4 v0000014cd117f860_0, 0, 1;
    %delay 10000, 0;
    %pushi/vec4 0, 0, 1;
    %store/vec4 v0000014cd117e140_0, 0, 1;
    %pushi/vec4 1, 0, 1;
    %store/vec4 v0000014cd117f0e0_0, 0, 1;
    %pushi/vec4 1, 0, 1;
    %store/vec4 v0000014cd117f860_0, 0, 1;
    %delay 10000, 0;
    %pushi/vec4 1, 0, 1;
    %store/vec4 v0000014cd117e140_0, 0, 1;
    %pushi/vec4 0, 0, 1;
    %store/vec4 v0000014cd117f0e0_0, 0, 1;
    %pushi/vec4 0, 0, 1;
    %store/vec4 v0000014cd117f860_0, 0, 1;
    %delay 10000, 0;
    %pushi/vec4 1, 0, 1;
    %store/vec4 v0000014cd117e140_0, 0, 1;
    %pushi/vec4 0, 0, 1;
    %store/vec4 v0000014cd117f0e0_0, 0, 1;
    %pushi/vec4 1, 0, 1;
    %store/vec4 v0000014cd117f860_0, 0, 1;
    %delay 10000, 0;
    %pushi/vec4 1, 0, 1;
    %store/vec4 v0000014cd117e140_0, 0, 1;
    %pushi/vec4 1, 0, 1;
    %store/vec4 v0000014cd117f0e0_0, 0, 1;
    %pushi/vec4 0, 0, 1;
    %store/vec4 v0000014cd117f860_0, 0, 1;
    %delay 10000, 0;
    %pushi/vec4 1, 0, 1;
    %store/vec4 v0000014cd117e140_0, 0, 1;
    %pushi/vec4 1, 0, 1;
    %store/vec4 v0000014cd117f0e0_0, 0, 1;
    %pushi/vec4 1, 0, 1;
    %store/vec4 v0000014cd117f860_0, 0, 1;
    %delay 10000, 0;
    %vpi_call 2 27 "$finish" {0 0 0};
    %end;
    .thread T_0;
# The file index is used to find the file name in the following table.
:file_names 4;
    "N/A";
    "<interactive>";
    ".\FourBitALU_tb.v";
    ".\FourBitALU.v";
