#! /c/Source/iverilog-install/bin/vvp
:ivl_version "12.0 (devel)" "(s20150603-1110-g18392a46)";
:ivl_delay_selection "TYPICAL";
:vpi_time_precision - 12;
:vpi_module "C:\iverilog\lib\ivl\system.vpi";
:vpi_module "C:\iverilog\lib\ivl\vhdl_sys.vpi";
:vpi_module "C:\iverilog\lib\ivl\vhdl_textio.vpi";
:vpi_module "C:\iverilog\lib\ivl\v2005_math.vpi";
:vpi_module "C:\iverilog\lib\ivl\va_math.vpi";
S_0000022fe5b9d750 .scope module, "dec4x16_tb" "dec4x16_tb" 2 2;
 .timescale -9 -12;
v0000022fe5bfb560_0 .var "A", 3 0;
v0000022fe5bfb2e0_0 .net "Y", 15 0, L_0000022fe5bfac00;  1 drivers
S_0000022fe5ba7110 .scope begin, "$ivl_for_loop0" "$ivl_for_loop0" 2 16, 2 16 0, S_0000022fe5b9d750;
 .timescale -9 -12;
v0000022fe5b9ae60_0 .var/i "i", 31 0;
S_0000022fe5ba72a0 .scope module, "uut" "dec4x16" 2 6, 3 8 0, S_0000022fe5b9d750;
 .timescale 0 0;
    .port_info 0 /INPUT 4 "A";
    .port_info 1 /OUTPUT 16 "Y";
v0000022fe5bfc500_0 .net "A", 3 0, v0000022fe5bfb560_0;  1 drivers
v0000022fe5bfb100_0 .net "Y", 15 0, L_0000022fe5bfac00;  alias, 1 drivers
v0000022fe5bfa8e0_0 .net *"_ivl_13", 0 0, L_0000022fe5bfc000;  1 drivers
L_0000022fe5bfca10 .functor BUFT 1, C4<0000>, C4<0>, C4<0>, C4<0>;
v0000022fe5bfb240_0 .net/2u *"_ivl_14", 3 0, L_0000022fe5bfca10;  1 drivers
v0000022fe5bfaca0_0 .net *"_ivl_16", 3 0, L_0000022fe5bfade0;  1 drivers
v0000022fe5bfb9c0_0 .net *"_ivl_21", 0 0, L_0000022fe5bfb600;  1 drivers
L_0000022fe5bfca58 .functor BUFT 1, C4<0000>, C4<0>, C4<0>, C4<0>;
v0000022fe5bfc3c0_0 .net/2u *"_ivl_22", 3 0, L_0000022fe5bfca58;  1 drivers
v0000022fe5bfbc40_0 .net *"_ivl_24", 3 0, L_0000022fe5bfc0a0;  1 drivers
v0000022fe5bfc320_0 .net *"_ivl_29", 0 0, L_0000022fe5bfb420;  1 drivers
L_0000022fe5bfcaa0 .functor BUFT 1, C4<0000>, C4<0>, C4<0>, C4<0>;
v0000022fe5bfc6e0_0 .net/2u *"_ivl_30", 3 0, L_0000022fe5bfcaa0;  1 drivers
v0000022fe5bfc5a0_0 .net *"_ivl_32", 3 0, L_0000022fe5bfbd80;  1 drivers
v0000022fe5bfa980_0 .net *"_ivl_38", 0 0, L_0000022fe5bfb4c0;  1 drivers
L_0000022fe5bfcae8 .functor BUFT 1, C4<0000>, C4<0>, C4<0>, C4<0>;
v0000022fe5bfc1e0_0 .net/2u *"_ivl_39", 3 0, L_0000022fe5bfcae8;  1 drivers
v0000022fe5bfb1a0_0 .net *"_ivl_41", 3 0, L_0000022fe5bfb060;  1 drivers
v0000022fe5bfc640_0 .net "deciding", 3 0, L_0000022fe5bfb920;  1 drivers
v0000022fe5bfbe20_0 .net "y0", 3 0, L_0000022fe5bfab60;  1 drivers
v0000022fe5bfbf60_0 .net "y1", 3 0, L_0000022fe5bfb380;  1 drivers
v0000022fe5bfc460_0 .net "y2", 3 0, L_0000022fe5bfbb00;  1 drivers
v0000022fe5bfc780_0 .net "y3", 3 0, L_0000022fe5bfba60;  1 drivers
L_0000022fe5bfaa20 .part v0000022fe5bfb560_0, 2, 2;
L_0000022fe5bfb7e0 .part v0000022fe5bfb560_0, 0, 2;
L_0000022fe5bfbec0 .part v0000022fe5bfb560_0, 0, 2;
L_0000022fe5bfaac0 .part v0000022fe5bfb560_0, 0, 2;
L_0000022fe5bfb6a0 .part v0000022fe5bfb560_0, 0, 2;
L_0000022fe5bfc000 .part L_0000022fe5bfb920, 3, 1;
L_0000022fe5bfade0 .functor MUXZ 4, L_0000022fe5bfca10, L_0000022fe5bfba60, L_0000022fe5bfc000, C4<>;
L_0000022fe5bfb600 .part L_0000022fe5bfb920, 2, 1;
L_0000022fe5bfc0a0 .functor MUXZ 4, L_0000022fe5bfca58, L_0000022fe5bfbb00, L_0000022fe5bfb600, C4<>;
L_0000022fe5bfb420 .part L_0000022fe5bfb920, 1, 1;
L_0000022fe5bfbd80 .functor MUXZ 4, L_0000022fe5bfcaa0, L_0000022fe5bfb380, L_0000022fe5bfb420, C4<>;
L_0000022fe5bfac00 .concat8 [ 4 4 4 4], L_0000022fe5bfb060, L_0000022fe5bfbd80, L_0000022fe5bfc0a0, L_0000022fe5bfade0;
L_0000022fe5bfb4c0 .part L_0000022fe5bfb920, 0, 1;
L_0000022fe5bfb060 .functor MUXZ 4, L_0000022fe5bfcae8, L_0000022fe5bfba60, L_0000022fe5bfb4c0, C4<>;
S_0000022fe5ba7430 .scope module, "dec0" "dec2x4" 3 20, 3 1 0, S_0000022fe5ba72a0;
 .timescale 0 0;
    .port_info 0 /INPUT 2 "A";
    .port_info 1 /OUTPUT 4 "Y";
v0000022fe5b9b7c0_0 .net "A", 1 0, L_0000022fe5bfb6a0;  1 drivers
v0000022fe5b9ac80_0 .net "Y", 3 0, L_0000022fe5bfab60;  alias, 1 drivers
L_0000022fe5bfc9c8 .functor BUFT 1, C4<0001>, C4<0>, C4<0>, C4<0>;
v0000022fe5b9afa0_0 .net/2u *"_ivl_0", 3 0, L_0000022fe5bfc9c8;  1 drivers
L_0000022fe5bfab60 .shift/l 4, L_0000022fe5bfc9c8, L_0000022fe5bfb6a0;
S_0000022fe5ba4600 .scope module, "dec1" "dec2x4" 3 19, 3 1 0, S_0000022fe5ba72a0;
 .timescale 0 0;
    .port_info 0 /INPUT 2 "A";
    .port_info 1 /OUTPUT 4 "Y";
v0000022fe5b9ad20_0 .net "A", 1 0, L_0000022fe5bfaac0;  1 drivers
v0000022fe5b9b2c0_0 .net "Y", 3 0, L_0000022fe5bfb380;  alias, 1 drivers
L_0000022fe5bfc980 .functor BUFT 1, C4<0001>, C4<0>, C4<0>, C4<0>;
v0000022fe5b9abe0_0 .net/2u *"_ivl_0", 3 0, L_0000022fe5bfc980;  1 drivers
L_0000022fe5bfb380 .shift/l 4, L_0000022fe5bfc980, L_0000022fe5bfaac0;
S_0000022fe5ba4790 .scope module, "dec2" "dec2x4" 3 18, 3 1 0, S_0000022fe5ba72a0;
 .timescale 0 0;
    .port_info 0 /INPUT 2 "A";
    .port_info 1 /OUTPUT 4 "Y";
v0000022fe5b9b040_0 .net "A", 1 0, L_0000022fe5bfbec0;  1 drivers
v0000022fe5b9adc0_0 .net "Y", 3 0, L_0000022fe5bfbb00;  alias, 1 drivers
L_0000022fe5bfc938 .functor BUFT 1, C4<0001>, C4<0>, C4<0>, C4<0>;
v0000022fe5b9b400_0 .net/2u *"_ivl_0", 3 0, L_0000022fe5bfc938;  1 drivers
L_0000022fe5bfbb00 .shift/l 4, L_0000022fe5bfc938, L_0000022fe5bfbec0;
S_0000022fe5ba4920 .scope module, "dec3" "dec2x4" 3 17, 3 1 0, S_0000022fe5ba72a0;
 .timescale 0 0;
    .port_info 0 /INPUT 2 "A";
    .port_info 1 /OUTPUT 4 "Y";
v0000022fe5b9b220_0 .net "A", 1 0, L_0000022fe5bfb7e0;  1 drivers
v0000022fe5b9b4a0_0 .net "Y", 3 0, L_0000022fe5bfba60;  alias, 1 drivers
L_0000022fe5bfc8f0 .functor BUFT 1, C4<0001>, C4<0>, C4<0>, C4<0>;
v0000022fe5b9b900_0 .net/2u *"_ivl_0", 3 0, L_0000022fe5bfc8f0;  1 drivers
L_0000022fe5bfba60 .shift/l 4, L_0000022fe5bfc8f0, L_0000022fe5bfb7e0;
S_0000022fe5ba4ab0 .scope module, "decideDEC" "dec2x4" 3 15, 3 1 0, S_0000022fe5ba72a0;
 .timescale 0 0;
    .port_info 0 /INPUT 2 "A";
    .port_info 1 /OUTPUT 4 "Y";
v0000022fe5b9bae0_0 .net "A", 1 0, L_0000022fe5bfaa20;  1 drivers
v0000022fe5bfad40_0 .net "Y", 3 0, L_0000022fe5bfb920;  alias, 1 drivers
L_0000022fe5bfc8a8 .functor BUFT 1, C4<0001>, C4<0>, C4<0>, C4<0>;
v0000022fe5bfbce0_0 .net/2u *"_ivl_0", 3 0, L_0000022fe5bfc8a8;  1 drivers
L_0000022fe5bfb920 .shift/l 4, L_0000022fe5bfc8a8, L_0000022fe5bfaa20;
    .scope S_0000022fe5b9d750;
T_0 ;
    %pushi/vec4 0, 0, 4;
    %store/vec4 v0000022fe5bfb560_0, 0, 4;
    %end;
    .thread T_0;
    .scope S_0000022fe5b9d750;
T_1 ;
    %vpi_call 2 13 "$dumpfile", "dec4x16.vcd" {0 0 0};
    %vpi_call 2 14 "$dumpvars", 32'sb00000000000000000000000000000000, S_0000022fe5b9d750 {0 0 0};
    %vpi_call 2 15 "$monitor", "t = %0t A = %b -> Y = %b", $time, v0000022fe5bfb560_0, v0000022fe5bfb2e0_0 {0 0 0};
    %fork t_1, S_0000022fe5ba7110;
    %jmp t_0;
    .scope S_0000022fe5ba7110;
t_1 ;
    %pushi/vec4 0, 0, 32;
    %store/vec4 v0000022fe5b9ae60_0, 0, 32;
T_1.0 ;
    %load/vec4 v0000022fe5b9ae60_0;
    %cmpi/s 16, 0, 32;
    %jmp/0xz T_1.1, 5;
    %load/vec4 v0000022fe5b9ae60_0;
    %pad/s 4;
    %store/vec4 v0000022fe5bfb560_0, 0, 4;
    %delay 5000, 0;
    ; show_stmt_assign_vector: Get l-value for compressed += operand
    %load/vec4 v0000022fe5b9ae60_0;
    %pushi/vec4 1, 0, 32;
    %add;
    %store/vec4 v0000022fe5b9ae60_0, 0, 32;
    %jmp T_1.0;
T_1.1 ;
    %end;
    .scope S_0000022fe5b9d750;
t_0 %join;
    %vpi_call 2 20 "$finish" {0 0 0};
    %end;
    .thread T_1;
# The file index is used to find the file name in the following table.
:file_names 4;
    "N/A";
    "<interactive>";
    ".\dec4x16_tb.v";
    ".\dec4x16.v";
