#! /c/Source/iverilog-install/bin/vvp
:ivl_version "12.0 (devel)" "(s20150603-1110-g18392a46)";
:ivl_delay_selection "TYPICAL";
:vpi_time_precision - 12;
:vpi_module "C:\iverilog\lib\ivl\system.vpi";
:vpi_module "C:\iverilog\lib\ivl\vhdl_sys.vpi";
:vpi_module "C:\iverilog\lib\ivl\vhdl_textio.vpi";
:vpi_module "C:\iverilog\lib\ivl\v2005_math.vpi";
:vpi_module "C:\iverilog\lib\ivl\va_math.vpi";
S_000001673209baf0 .scope module, "dff_tb" "dff_tb" 2 2;
 .timescale -9 -12;
v00000167320e6390_0 .var "clk", 0 0;
v00000167320b2ca0_0 .var "d", 0 0;
v00000167320b2d40_0 .net "q", 0 0, v00000167320d5480_0;  1 drivers
v00000167320b2de0_0 .net "qbar", 0 0, L_00000167320e6430;  1 drivers
S_00000167320e5fd0 .scope begin, "$ivl_for_loop0" "$ivl_for_loop0" 2 18, 2 18 0, S_000001673209baf0;
 .timescale -9 -12;
v00000167320b3450_0 .var/i "i", 31 0;
S_00000167320e6160 .scope module, "uut" "dff" 2 6, 3 1 0, S_000001673209baf0;
 .timescale 0 0;
    .port_info 0 /INPUT 1 "d";
    .port_info 1 /INPUT 1 "clk";
    .port_info 2 /OUTPUT 1 "q";
    .port_info 3 /OUTPUT 1 "qbar";
L_00000167320e6430 .functor NOT 1, v00000167320d5480_0, C4<0>, C4<0>, C4<0>;
v000001673209bc80_0 .net "clk", 0 0, v00000167320e6390_0;  1 drivers
v00000167320d53e0_0 .net "d", 0 0, v00000167320b2ca0_0;  1 drivers
v00000167320d5480_0 .var "q", 0 0;
v00000167320e62f0_0 .net "qbar", 0 0, L_00000167320e6430;  alias, 1 drivers
E_00000167320e5100 .event posedge, v000001673209bc80_0;
    .scope S_00000167320e6160;
T_0 ;
    %wait E_00000167320e5100;
    %load/vec4 v00000167320d53e0_0;
    %assign/vec4 v00000167320d5480_0, 0;
    %jmp T_0;
    .thread T_0;
    .scope S_000001673209baf0;
T_1 ;
    %pushi/vec4 0, 0, 1;
    %store/vec4 v00000167320e6390_0, 0, 1;
    %end;
    .thread T_1;
    .scope S_000001673209baf0;
T_2 ;
    %delay 5000, 0;
    %load/vec4 v00000167320e6390_0;
    %inv;
    %store/vec4 v00000167320e6390_0, 0, 1;
    %jmp T_2;
    .thread T_2;
    .scope S_000001673209baf0;
T_3 ;
    %vpi_call 2 12 "$dumpfile", "dff.vcd" {0 0 0};
    %vpi_call 2 13 "$dumpvars", 32'sb00000000000000000000000000000000, S_000001673209baf0 {0 0 0};
    %vpi_call 2 14 "$monitor", "t = %0t clk = %b d = %b -> q = %b qbar = %b", $time, v00000167320e6390_0, v00000167320b2ca0_0, v00000167320b2d40_0, v00000167320b2de0_0 {0 0 0};
    %pushi/vec4 0, 0, 1;
    %store/vec4 v00000167320b2ca0_0, 0, 1;
    %fork t_1, S_00000167320e5fd0;
    %jmp t_0;
    .scope S_00000167320e5fd0;
t_1 ;
    %pushi/vec4 0, 0, 32;
    %store/vec4 v00000167320b3450_0, 0, 32;
T_3.0 ;
    %load/vec4 v00000167320b3450_0;
    %cmpi/s 8, 0, 32;
    %jmp/0xz T_3.1, 5;
    %delay 10000, 0;
    %load/vec4 v00000167320b2ca0_0;
    %inv;
    %store/vec4 v00000167320b2ca0_0, 0, 1;
    ; show_stmt_assign_vector: Get l-value for compressed += operand
    %load/vec4 v00000167320b3450_0;
    %pushi/vec4 1, 0, 32;
    %add;
    %store/vec4 v00000167320b3450_0, 0, 32;
    %jmp T_3.0;
T_3.1 ;
    %end;
    .scope S_000001673209baf0;
t_0 %join;
    %delay 10000, 0;
    %vpi_call 2 22 "$finish" {0 0 0};
    %end;
    .thread T_3;
# The file index is used to find the file name in the following table.
:file_names 4;
    "N/A";
    "<interactive>";
    ".\dff_tb.v";
    ".\dff.v";
