#! /c/Source/iverilog-install/bin/vvp
:ivl_version "12.0 (devel)" "(s20150603-1110-g18392a46)";
:ivl_delay_selection "TYPICAL";
:vpi_time_precision - 12;
:vpi_module "C:\iverilog\lib\ivl\system.vpi";
:vpi_module "C:\iverilog\lib\ivl\vhdl_sys.vpi";
:vpi_module "C:\iverilog\lib\ivl\vhdl_textio.vpi";
:vpi_module "C:\iverilog\lib\ivl\v2005_math.vpi";
:vpi_module "C:\iverilog\lib\ivl\va_math.vpi";
S_000001a0c2866330 .scope module, "FA_tb" "FA_tb" 2 2;
 .timescale -9 -12;
v000001a0c28c30d0_0 .var "A", 0 0;
v000001a0c28c3670_0 .var "B", 0 0;
v000001a0c28c37b0_0 .var "Cin", 0 0;
v000001a0c28c2db0_0 .net "Cout", 0 0, L_000001a0c2874870;  1 drivers
v000001a0c28c3210_0 .net "Sum", 0 0, L_000001a0c28434f0;  1 drivers
S_000001a0c298cd80 .scope begin, "$ivl_for_loop0" "$ivl_for_loop0" 2 17, 2 17 0, S_000001a0c2866330;
 .timescale -9 -12;
v000001a0c28664c0_0 .var/i "i", 31 0;
S_000001a0c298cf10 .scope module, "uut" "FA" 2 6, 3 1 0, S_000001a0c2866330;
 .timescale 0 0;
    .port_info 0 /INPUT 1 "A";
    .port_info 1 /INPUT 1 "B";
    .port_info 2 /INPUT 1 "Cin";
    .port_info 3 /OUTPUT 1 "Sum";
    .port_info 4 /OUTPUT 1 "Cout";
L_000001a0c298d1e0 .functor XOR 1, v000001a0c28c30d0_0, v000001a0c28c3670_0, C4<0>, C4<0>;
L_000001a0c28434f0 .functor XOR 1, L_000001a0c298d1e0, v000001a0c28c37b0_0, C4<0>, C4<0>;
L_000001a0c2874950 .functor AND 1, v000001a0c28c30d0_0, v000001a0c28c3670_0, C4<1>, C4<1>;
L_000001a0c2874bf0 .functor AND 1, v000001a0c28c37b0_0, v000001a0c28c3670_0, C4<1>, C4<1>;
L_000001a0c2874c60 .functor AND 1, v000001a0c28c30d0_0, v000001a0c28c37b0_0, C4<1>, C4<1>;
L_000001a0c2874790 .functor OR 1, L_000001a0c2874950, L_000001a0c2874bf0, C4<0>, C4<0>;
L_000001a0c2874870 .functor OR 1, L_000001a0c2874790, L_000001a0c2874c60, C4<0>, C4<0>;
v000001a0c28430a0_0 .net "A", 0 0, v000001a0c28c30d0_0;  1 drivers
v000001a0c28650f0_0 .net "B", 0 0, v000001a0c28c3670_0;  1 drivers
v000001a0c298d0a0_0 .net "Cin", 0 0, v000001a0c28c37b0_0;  1 drivers
v000001a0c298d140_0 .net "Cout", 0 0, L_000001a0c2874870;  alias, 1 drivers
v000001a0c28667d0_0 .net "Sum", 0 0, L_000001a0c28434f0;  alias, 1 drivers
v000001a0c2866870_0 .net *"_ivl_0", 0 0, L_000001a0c298d1e0;  1 drivers
v000001a0c28c3710_0 .net *"_ivl_10", 0 0, L_000001a0c2874790;  1 drivers
v000001a0c28c2d10_0 .net "w1", 0 0, L_000001a0c2874950;  1 drivers
v000001a0c28c2b30_0 .net "w2", 0 0, L_000001a0c2874bf0;  1 drivers
v000001a0c28c32b0_0 .net "w3", 0 0, L_000001a0c2874c60;  1 drivers
    .scope S_000001a0c2866330;
T_0 ;
    %pushi/vec4 0, 0, 1;
    %store/vec4 v000001a0c28c30d0_0, 0, 1;
    %pushi/vec4 0, 0, 1;
    %store/vec4 v000001a0c28c3670_0, 0, 1;
    %pushi/vec4 0, 0, 1;
    %store/vec4 v000001a0c28c37b0_0, 0, 1;
    %end;
    .thread T_0;
    .scope S_000001a0c2866330;
T_1 ;
    %vpi_call 2 13 "$dumpfile", "fa.vcd" {0 0 0};
    %vpi_call 2 14 "$dumpvars", 32'sb00000000000000000000000000000000, S_000001a0c2866330 {0 0 0};
    %vpi_call 2 15 "$display", "T\011A\011B\011Cin\011Sum\011Cout" {0 0 0};
    %vpi_call 2 16 "$monitor", "t = %0t A = %b B = %b Cin = %b Sum = %b Cout = %b", $time, v000001a0c28c30d0_0, v000001a0c28c3670_0, v000001a0c28c37b0_0, v000001a0c28c3210_0, v000001a0c28c2db0_0 {0 0 0};
    %fork t_1, S_000001a0c298cd80;
    %jmp t_0;
    .scope S_000001a0c298cd80;
t_1 ;
    %pushi/vec4 1, 0, 32;
    %store/vec4 v000001a0c28664c0_0, 0, 32;
T_1.0 ;
    %load/vec4 v000001a0c28664c0_0;
    %cmpi/s 8, 0, 32;
    %jmp/0xz T_1.1, 5;
    %load/vec4 v000001a0c28664c0_0;
    %pad/s 3;
    %split/vec4 1;
    %store/vec4 v000001a0c28c37b0_0, 0, 1;
    %split/vec4 1;
    %store/vec4 v000001a0c28c3670_0, 0, 1;
    %store/vec4 v000001a0c28c30d0_0, 0, 1;
    %delay 10000, 0;
    ; show_stmt_assign_vector: Get l-value for compressed += operand
    %load/vec4 v000001a0c28664c0_0;
    %pushi/vec4 1, 0, 32;
    %add;
    %store/vec4 v000001a0c28664c0_0, 0, 32;
    %jmp T_1.0;
T_1.1 ;
    %end;
    .scope S_000001a0c2866330;
t_0 %join;
    %end;
    .thread T_1;
# The file index is used to find the file name in the following table.
:file_names 4;
    "N/A";
    "<interactive>";
    ".\fa_tb.v";
    ".\fa.v";
