#! /c/Source/iverilog-install/bin/vvp
:ivl_version "12.0 (devel)" "(s20150603-1110-g18392a46)";
:ivl_delay_selection "TYPICAL";
:vpi_time_precision - 12;
:vpi_module "C:\iverilog\lib\ivl\system.vpi";
:vpi_module "C:\iverilog\lib\ivl\vhdl_sys.vpi";
:vpi_module "C:\iverilog\lib\ivl\vhdl_textio.vpi";
:vpi_module "C:\iverilog\lib\ivl\v2005_math.vpi";
:vpi_module "C:\iverilog\lib\ivl\va_math.vpi";
S_000002a3274d6a20 .scope module, "fourbitadder_tb" "fourbitadder_tb" 2 2;
 .timescale -9 -12;
v000002a3275356f0_0 .var "A", 3 0;
v000002a327534bb0_0 .var "B", 3 0;
v000002a327534890_0 .var "Cin", 0 0;
v000002a3275353d0_0 .net "Cout", 0 0, L_000002a327534cf0;  1 drivers
v000002a327535010_0 .net "Sum", 3 0, L_000002a3275350b0;  1 drivers
S_000002a3274e6000 .scope begin, "$ivl_for_loop0" "$ivl_for_loop0" 2 18, 2 18 0, S_000002a3274d6a20;
 .timescale -9 -12;
v000002a3274d6dc0_0 .var/i "i", 31 0;
S_000002a3274e6190 .scope begin, "$ivl_for_loop1" "$ivl_for_loop1" 2 19, 2 19 0, S_000002a3274e6000;
 .timescale -9 -12;
v000002a3274b30a0_0 .var/i "j", 31 0;
S_000002a3274e6320 .scope begin, "$ivl_for_loop2" "$ivl_for_loop2" 2 20, 2 20 0, S_000002a3274e6190;
 .timescale -9 -12;
v000002a3274b33e0_0 .var/i "k", 31 0;
S_000002a3274d6e60 .scope module, "uut" "fourbitadder" 2 7, 3 1 0, S_000002a3274d6a20;
 .timescale 0 0;
    .port_info 0 /INPUT 4 "A";
    .port_info 1 /INPUT 4 "B";
    .port_info 2 /INPUT 1 "Cin";
    .port_info 3 /OUTPUT 4 "Sum";
    .port_info 4 /OUTPUT 1 "Cout";
v000002a3274d6ff0_0 .net "A", 3 0, v000002a3275356f0_0;  1 drivers
v000002a3274d7090_0 .net "B", 3 0, v000002a327534bb0_0;  1 drivers
v000002a3274d7130_0 .net "Cin", 0 0, v000002a327534890_0;  1 drivers
v000002a3274d71d0_0 .net "Cout", 0 0, L_000002a327534cf0;  alias, 1 drivers
v000002a3274e4900_0 .net "Sum", 3 0, L_000002a3275350b0;  alias, 1 drivers
L_000002a3275358a0 .functor BUFT 1, C4<0>, C4<0>, C4<0>, C4<0>;
v000002a3274e49a0_0 .net *"_ivl_10", 0 0, L_000002a3275358a0;  1 drivers
v000002a3274e4a40_0 .net *"_ivl_11", 4 0, L_000002a327534b10;  1 drivers
v000002a3274e4ae0_0 .net *"_ivl_13", 4 0, L_000002a3275349d0;  1 drivers
L_000002a3275358e8 .functor BUFT 1, C4<0000>, C4<0>, C4<0>, C4<0>;
v000002a327534f70_0 .net *"_ivl_16", 3 0, L_000002a3275358e8;  1 drivers
v000002a327535150_0 .net *"_ivl_17", 4 0, L_000002a327535470;  1 drivers
v000002a327534a70_0 .net *"_ivl_3", 4 0, L_000002a327535650;  1 drivers
L_000002a327535858 .functor BUFT 1, C4<0>, C4<0>, C4<0>, C4<0>;
v000002a327534c50_0 .net *"_ivl_6", 0 0, L_000002a327535858;  1 drivers
v000002a3275355b0_0 .net *"_ivl_7", 4 0, L_000002a327534930;  1 drivers
L_000002a327534cf0 .part L_000002a327535470, 4, 1;
L_000002a3275350b0 .part L_000002a327535470, 0, 4;
L_000002a327535650 .concat [ 4 1 0 0], v000002a3275356f0_0, L_000002a327535858;
L_000002a327534930 .concat [ 4 1 0 0], v000002a327534bb0_0, L_000002a3275358a0;
L_000002a327534b10 .arith/sum 5, L_000002a327535650, L_000002a327534930;
L_000002a3275349d0 .concat [ 1 4 0 0], v000002a327534890_0, L_000002a3275358e8;
L_000002a327535470 .arith/sum 5, L_000002a327534b10, L_000002a3275349d0;
    .scope S_000002a3274d6a20;
T_0 ;
    %pushi/vec4 0, 0, 4;
    %store/vec4 v000002a3275356f0_0, 0, 4;
    %pushi/vec4 0, 0, 4;
    %store/vec4 v000002a327534bb0_0, 0, 4;
    %pushi/vec4 0, 0, 1;
    %store/vec4 v000002a327534890_0, 0, 1;
    %end;
    .thread T_0;
    .scope S_000002a3274d6a20;
T_1 ;
    %vpi_call 2 14 "$dumpfile", "fourbitadd.vcd" {0 0 0};
    %vpi_call 2 15 "$dumpvars", 32'sb00000000000000000000000000000000, S_000002a3274d6a20 {0 0 0};
    %vpi_call 2 16 "$monitor", "t=%0t A=%b B=%b Cin=%b  |  Sum=%b Cout=%b", $time, v000002a3275356f0_0, v000002a327534bb0_0, v000002a327534890_0, v000002a327535010_0, v000002a3275353d0_0 {0 0 0};
    %fork t_1, S_000002a3274e6000;
    %jmp t_0;
    .scope S_000002a3274e6000;
t_1 ;
    %pushi/vec4 0, 0, 32;
    %store/vec4 v000002a3274d6dc0_0, 0, 32;
T_1.0 ;
    %load/vec4 v000002a3274d6dc0_0;
    %cmpi/s 16, 0, 32;
    %jmp/0xz T_1.1, 5;
    %fork t_3, S_000002a3274e6190;
    %jmp t_2;
    .scope S_000002a3274e6190;
t_3 ;
    %pushi/vec4 0, 0, 32;
    %store/vec4 v000002a3274b30a0_0, 0, 32;
T_1.2 ;
    %load/vec4 v000002a3274b30a0_0;
    %cmpi/s 16, 0, 32;
    %jmp/0xz T_1.3, 5;
    %fork t_5, S_000002a3274e6320;
    %jmp t_4;
    .scope S_000002a3274e6320;
t_5 ;
    %pushi/vec4 0, 0, 32;
    %store/vec4 v000002a3274b33e0_0, 0, 32;
T_1.4 ;
    %load/vec4 v000002a3274b33e0_0;
    %cmpi/s 2, 0, 32;
    %jmp/0xz T_1.5, 5;
    %load/vec4 v000002a3274d6dc0_0;
    %pad/s 4;
    %store/vec4 v000002a3275356f0_0, 0, 4;
    %load/vec4 v000002a3274b30a0_0;
    %pad/s 4;
    %store/vec4 v000002a327534bb0_0, 0, 4;
    %load/vec4 v000002a3274b33e0_0;
    %pad/s 1;
    %store/vec4 v000002a327534890_0, 0, 1;
    %delay 5000, 0;
    ; show_stmt_assign_vector: Get l-value for compressed += operand
    %load/vec4 v000002a3274b33e0_0;
    %pushi/vec4 1, 0, 32;
    %add;
    %store/vec4 v000002a3274b33e0_0, 0, 32;
    %jmp T_1.4;
T_1.5 ;
    %end;
    .scope S_000002a3274e6190;
t_4 %join;
    ; show_stmt_assign_vector: Get l-value for compressed += operand
    %load/vec4 v000002a3274b30a0_0;
    %pushi/vec4 1, 0, 32;
    %add;
    %store/vec4 v000002a3274b30a0_0, 0, 32;
    %jmp T_1.2;
T_1.3 ;
    %end;
    .scope S_000002a3274e6000;
t_2 %join;
    ; show_stmt_assign_vector: Get l-value for compressed += operand
    %load/vec4 v000002a3274d6dc0_0;
    %pushi/vec4 1, 0, 32;
    %add;
    %store/vec4 v000002a3274d6dc0_0, 0, 32;
    %jmp T_1.0;
T_1.1 ;
    %end;
    .scope S_000002a3274d6a20;
t_0 %join;
    %end;
    .thread T_1;
# The file index is used to find the file name in the following table.
:file_names 4;
    "N/A";
    "<interactive>";
    ".\fourbitadd_tb.v";
    ".\fourbitadd.v";
