#! /c/Source/iverilog-install/bin/vvp
:ivl_version "12.0 (devel)" "(s20150603-1110-g18392a46)";
:ivl_delay_selection "TYPICAL";
:vpi_time_precision - 12;
:vpi_module "C:\iverilog\lib\ivl\system.vpi";
:vpi_module "C:\iverilog\lib\ivl\vhdl_sys.vpi";
:vpi_module "C:\iverilog\lib\ivl\vhdl_textio.vpi";
:vpi_module "C:\iverilog\lib\ivl\v2005_math.vpi";
:vpi_module "C:\iverilog\lib\ivl\va_math.vpi";
S_000001285cf5bb70 .scope module, "tff_tb" "tff_tb" 2 2;
 .timescale -9 -12;
L_000001285cfa6390 .functor NOT 1, v000001285cf5b490_0, C4<0>, C4<0>, C4<0>;
v000001285cf5b530_0 .var "T", 0 0;
v000001285cfa6250_0 .var "clk", 0 0;
v000001285cfa62f0_0 .net "q", 0 0, v000001285cf5b490_0;  1 drivers
v000001285cfa38e0_0 .net "qbar", 0 0, L_000001285cfa6390;  1 drivers
S_000001285cfa5f30 .scope begin, "$ivl_for_loop0" "$ivl_for_loop0" 2 17, 2 17 0, S_000001285cf5bb70;
 .timescale -9 -12;
v000001285cf73450_0 .var/i "i", 31 0;
S_000001285cfa60c0 .scope module, "uut" "tff" 2 6, 3 1 0, S_000001285cf5bb70;
 .timescale 0 0;
    .port_info 0 /INPUT 1 "clk";
    .port_info 1 /INPUT 1 "T";
    .port_info 2 /OUTPUT 1 "q";
v000001285cf736e0_0 .net "T", 0 0, v000001285cf5b530_0;  1 drivers
v000001285cf730a0_0 .net "clk", 0 0, v000001285cfa6250_0;  1 drivers
v000001285cf5b490_0 .var "q", 0 0;
E_000001285cf97b10 .event posedge, v000001285cf730a0_0;
    .scope S_000001285cfa60c0;
T_0 ;
    %wait E_000001285cf97b10;
    %load/vec4 v000001285cf736e0_0;
    %flag_set/vec4 8;
    %jmp/0xz  T_0.0, 8;
    %load/vec4 v000001285cf5b490_0;
    %inv;
    %assign/vec4 v000001285cf5b490_0, 0;
    %jmp T_0.1;
T_0.0 ;
    %load/vec4 v000001285cf5b490_0;
    %assign/vec4 v000001285cf5b490_0, 0;
T_0.1 ;
    %jmp T_0;
    .thread T_0;
    .scope S_000001285cf5bb70;
T_1 ;
    %pushi/vec4 0, 0, 1;
    %store/vec4 v000001285cfa6250_0, 0, 1;
    %end;
    .thread T_1;
    .scope S_000001285cf5bb70;
T_2 ;
    %delay 5000, 0;
    %load/vec4 v000001285cfa6250_0;
    %inv;
    %store/vec4 v000001285cfa6250_0, 0, 1;
    %jmp T_2;
    .thread T_2;
    .scope S_000001285cf5bb70;
T_3 ;
    %vpi_call 2 13 "$dumpfile", "tff.vcd" {0 0 0};
    %vpi_call 2 14 "$dumpvars", 32'sb00000000000000000000000000000000, S_000001285cf5bb70 {0 0 0};
    %vpi_call 2 15 "$monitor", "t = %0t clk = %b T = %b -> q = %b qbar = %b", $time, v000001285cfa6250_0, v000001285cf5b530_0, v000001285cfa62f0_0, v000001285cfa38e0_0 {0 0 0};
    %pushi/vec4 0, 0, 1;
    %store/vec4 v000001285cf5b530_0, 0, 1;
    %fork t_1, S_000001285cfa5f30;
    %jmp t_0;
    .scope S_000001285cfa5f30;
t_1 ;
    %pushi/vec4 0, 0, 32;
    %store/vec4 v000001285cf73450_0, 0, 32;
T_3.0 ;
    %load/vec4 v000001285cf73450_0;
    %cmpi/s 8, 0, 32;
    %jmp/0xz T_3.1, 5;
    %delay 10000, 0;
    %load/vec4 v000001285cf5b530_0;
    %inv;
    %store/vec4 v000001285cf5b530_0, 0, 1;
    ; show_stmt_assign_vector: Get l-value for compressed += operand
    %load/vec4 v000001285cf73450_0;
    %pushi/vec4 1, 0, 32;
    %add;
    %store/vec4 v000001285cf73450_0, 0, 32;
    %jmp T_3.0;
T_3.1 ;
    %end;
    .scope S_000001285cf5bb70;
t_0 %join;
    %vpi_call 2 21 "$finish" {0 0 0};
    %end;
    .thread T_3;
# The file index is used to find the file name in the following table.
:file_names 4;
    "N/A";
    "<interactive>";
    ".\tff_tb.v";
    ".\tff.v";
