#! /c/Source/iverilog-install/bin/vvp
:ivl_version "12.0 (devel)" "(s20150603-1110-g18392a46)";
:ivl_delay_selection "TYPICAL";
:vpi_time_precision - 12;
:vpi_module "C:\iverilog\lib\ivl\system.vpi";
:vpi_module "C:\iverilog\lib\ivl\vhdl_sys.vpi";
:vpi_module "C:\iverilog\lib\ivl\vhdl_textio.vpi";
:vpi_module "C:\iverilog\lib\ivl\v2005_math.vpi";
:vpi_module "C:\iverilog\lib\ivl\va_math.vpi";
S_000002cb2cd38640 .scope module, "alu_1bit_tb" "alu_1bit_tb" 2 2;
 .timescale -9 -12;
v000002cb2cd43b70_0 .var "A", 0 0;
v000002cb2cd43a30_0 .var "B", 0 0;
v000002cb2cd446b0_0 .var "Cin", 0 0;
v000002cb2cd43d50_0 .net "Cout", 0 0, L_000002cb2cd43ad0;  1 drivers
v000002cb2cd437b0_0 .net "F", 0 0, v000002cb2cd44250_0;  1 drivers
v000002cb2cd43df0_0 .var "S", 1 0;
S_000002cb2cd38960 .scope module, "uut" "alu_1bit" 2 7, 3 1 0, S_000002cb2cd38640;
 .timescale 0 0;
    .port_info 0 /INPUT 1 "A";
    .port_info 1 /INPUT 1 "B";
    .port_info 2 /INPUT 1 "Cin";
    .port_info 3 /INPUT 2 "S";
    .port_info 4 /OUTPUT 1 "F";
    .port_info 5 /OUTPUT 1 "Cout";
L_000002cb2cd36870 .functor AND 1, v000002cb2cd43b70_0, v000002cb2cd43a30_0, C4<1>, C4<1>;
L_000002cb2cd36250 .functor OR 1, v000002cb2cd43b70_0, v000002cb2cd43a30_0, C4<0>, C4<0>;
L_000002cb2cd363a0 .functor XOR 1, v000002cb2cd43b70_0, v000002cb2cd43a30_0, C4<0>, C4<0>;
v000002cb2cc8d400_0 .net "A", 0 0, v000002cb2cd43b70_0;  1 drivers
v000002cb2cd12ca0_0 .net "B", 0 0, v000002cb2cd43a30_0;  1 drivers
v000002cb2cd12d40_0 .net "Cin", 0 0, v000002cb2cd446b0_0;  1 drivers
v000002cb2cd12de0_0 .net "Cout", 0 0, L_000002cb2cd43ad0;  alias, 1 drivers
v000002cb2cd44250_0 .var "F", 0 0;
v000002cb2cd44430_0 .net "S", 1 0, v000002cb2cd43df0_0;  1 drivers
L_000002cb2cd95858 .functor BUFT 1, C4<0>, C4<0>, C4<0>, C4<0>;
v000002cb2cd44610_0 .net *"_ivl_12", 0 0, L_000002cb2cd95858;  1 drivers
v000002cb2cd444d0_0 .net *"_ivl_13", 1 0, L_000002cb2cd442f0;  1 drivers
L_000002cb2cd958a0 .functor BUFT 1, C4<0>, C4<0>, C4<0>, C4<0>;
v000002cb2cd43e90_0 .net *"_ivl_16", 0 0, L_000002cb2cd958a0;  1 drivers
v000002cb2cd43cb0_0 .net *"_ivl_17", 1 0, L_000002cb2cd44390;  1 drivers
v000002cb2cd44110_0 .net *"_ivl_19", 1 0, L_000002cb2cddf110;  1 drivers
L_000002cb2cd958e8 .functor BUFT 1, C4<0>, C4<0>, C4<0>, C4<0>;
v000002cb2cd43c10_0 .net *"_ivl_22", 0 0, L_000002cb2cd958e8;  1 drivers
v000002cb2cd43990_0 .net *"_ivl_23", 1 0, L_000002cb2cddf750;  1 drivers
v000002cb2cd43850_0 .net *"_ivl_9", 1 0, L_000002cb2cd44070;  1 drivers
v000002cb2cd438f0_0 .net "and_out", 0 0, L_000002cb2cd36870;  1 drivers
v000002cb2cd441b0_0 .net "or_out", 0 0, L_000002cb2cd36250;  1 drivers
v000002cb2cd43fd0_0 .net "sum", 0 0, L_000002cb2cd43f30;  1 drivers
v000002cb2cd44570_0 .net "xor_out", 0 0, L_000002cb2cd363a0;  1 drivers
E_000002cb2cd35280/0 .event anyedge, v000002cb2cd44430_0, v000002cb2cd438f0_0, v000002cb2cd441b0_0, v000002cb2cd44570_0;
E_000002cb2cd35280/1 .event anyedge, v000002cb2cd43fd0_0;
E_000002cb2cd35280 .event/or E_000002cb2cd35280/0, E_000002cb2cd35280/1;
L_000002cb2cd43ad0 .part L_000002cb2cddf750, 1, 1;
L_000002cb2cd43f30 .part L_000002cb2cddf750, 0, 1;
L_000002cb2cd44070 .concat [ 1 1 0 0], v000002cb2cd43b70_0, L_000002cb2cd95858;
L_000002cb2cd442f0 .concat [ 1 1 0 0], v000002cb2cd43a30_0, L_000002cb2cd958a0;
L_000002cb2cd44390 .arith/sum 2, L_000002cb2cd44070, L_000002cb2cd442f0;
L_000002cb2cddf110 .concat [ 1 1 0 0], v000002cb2cd446b0_0, L_000002cb2cd958e8;
L_000002cb2cddf750 .arith/sum 2, L_000002cb2cd44390, L_000002cb2cddf110;
    .scope S_000002cb2cd38960;
T_0 ;
    %wait E_000002cb2cd35280;
    %load/vec4 v000002cb2cd44430_0;
    %dup/vec4;
    %pushi/vec4 0, 0, 2;
    %cmp/u;
    %jmp/1 T_0.0, 6;
    %dup/vec4;
    %pushi/vec4 1, 0, 2;
    %cmp/u;
    %jmp/1 T_0.1, 6;
    %dup/vec4;
    %pushi/vec4 2, 0, 2;
    %cmp/u;
    %jmp/1 T_0.2, 6;
    %dup/vec4;
    %pushi/vec4 3, 0, 2;
    %cmp/u;
    %jmp/1 T_0.3, 6;
    %pushi/vec4 0, 0, 1;
    %store/vec4 v000002cb2cd44250_0, 0, 1;
    %jmp T_0.5;
T_0.0 ;
    %load/vec4 v000002cb2cd438f0_0;
    %store/vec4 v000002cb2cd44250_0, 0, 1;
    %jmp T_0.5;
T_0.1 ;
    %load/vec4 v000002cb2cd441b0_0;
    %store/vec4 v000002cb2cd44250_0, 0, 1;
    %jmp T_0.5;
T_0.2 ;
    %load/vec4 v000002cb2cd44570_0;
    %store/vec4 v000002cb2cd44250_0, 0, 1;
    %jmp T_0.5;
T_0.3 ;
    %load/vec4 v000002cb2cd43fd0_0;
    %store/vec4 v000002cb2cd44250_0, 0, 1;
    %jmp T_0.5;
T_0.5 ;
    %pop/vec4 1;
    %jmp T_0;
    .thread T_0, $push;
    .scope S_000002cb2cd38640;
T_1 ;
    %vpi_call 2 10 "$dumpfile", "alu_1bit.vcd" {0 0 0};
    %vpi_call 2 11 "$dumpvars", 32'sb00000000000000000000000000000000, S_000002cb2cd38640 {0 0 0};
    %pushi/vec4 3, 0, 2;
    %store/vec4 v000002cb2cd43df0_0, 0, 2;
    %vpi_call 2 13 "$display", "S = %b (ADD)\012", v000002cb2cd43df0_0 {0 0 0};
    %vpi_call 2 14 "$monitor", "t=%0t | A=%b B=%b Cin=%b | F=%b Cout=%b", $time, v000002cb2cd43b70_0, v000002cb2cd43a30_0, v000002cb2cd446b0_0, v000002cb2cd437b0_0, v000002cb2cd43d50_0 {0 0 0};
    %pushi/vec4 0, 0, 1;
    %store/vec4 v000002cb2cd43b70_0, 0, 1;
    %pushi/vec4 0, 0, 1;
    %store/vec4 v000002cb2cd43a30_0, 0, 1;
    %pushi/vec4 0, 0, 1;
    %store/vec4 v000002cb2cd446b0_0, 0, 1;
    %delay 10000, 0;
    %pushi/vec4 0, 0, 1;
    %store/vec4 v000002cb2cd43b70_0, 0, 1;
    %pushi/vec4 1, 0, 1;
    %store/vec4 v000002cb2cd43a30_0, 0, 1;
    %pushi/vec4 0, 0, 1;
    %store/vec4 v000002cb2cd446b0_0, 0, 1;
    %delay 10000, 0;
    %pushi/vec4 1, 0, 1;
    %store/vec4 v000002cb2cd43b70_0, 0, 1;
    %pushi/vec4 0, 0, 1;
    %store/vec4 v000002cb2cd43a30_0, 0, 1;
    %pushi/vec4 1, 0, 1;
    %store/vec4 v000002cb2cd446b0_0, 0, 1;
    %delay 10000, 0;
    %pushi/vec4 1, 0, 1;
    %store/vec4 v000002cb2cd43b70_0, 0, 1;
    %pushi/vec4 1, 0, 1;
    %store/vec4 v000002cb2cd43a30_0, 0, 1;
    %pushi/vec4 0, 0, 1;
    %store/vec4 v000002cb2cd446b0_0, 0, 1;
    %delay 10000, 0;
    %pushi/vec4 1, 0, 1;
    %store/vec4 v000002cb2cd43b70_0, 0, 1;
    %pushi/vec4 1, 0, 1;
    %store/vec4 v000002cb2cd43a30_0, 0, 1;
    %pushi/vec4 1, 0, 1;
    %store/vec4 v000002cb2cd446b0_0, 0, 1;
    %delay 10000, 0;
    %vpi_call 2 21 "$finish" {0 0 0};
    %end;
    .thread T_1;
# The file index is used to find the file name in the following table.
:file_names 4;
    "N/A";
    "<interactive>";
    ".\alu_1bit_tb.v";
    ".\alu_1bit.v";
