#! /c/Source/iverilog-install/bin/vvp
:ivl_version "12.0 (devel)" "(s20150603-1110-g18392a46)";
:ivl_delay_selection "TYPICAL";
:vpi_time_precision - 12;
:vpi_module "C:\iverilog\lib\ivl\system.vpi";
:vpi_module "C:\iverilog\lib\ivl\vhdl_sys.vpi";
:vpi_module "C:\iverilog\lib\ivl\vhdl_textio.vpi";
:vpi_module "C:\iverilog\lib\ivl\v2005_math.vpi";
:vpi_module "C:\iverilog\lib\ivl\va_math.vpi";
S_00000226055dabf0 .scope module, "alu_4bit_tb" "alu_4bit_tb" 2 2;
 .timescale -9 -12;
v00000226056154b0_0 .var "A", 3 0;
v0000022605615550_0 .var "B", 3 0;
v00000226056155f0_0 .var "Cin", 0 0;
v00000226055f2ce0_0 .net "Cout", 0 0, v00000226056152d0_0;  1 drivers
v00000226055f2d80_0 .net "F", 3 0, v0000022605615370_0;  1 drivers
v00000226055f2e20_0 .var "S", 1 0;
S_00000226055daf10 .scope module, "uut" "alu_4bit" 2 9, 3 1 0, S_00000226055dabf0;
 .timescale 0 0;
    .port_info 0 /INPUT 4 "A";
    .port_info 1 /INPUT 4 "B";
    .port_info 2 /INPUT 1 "Cin";
    .port_info 3 /INPUT 2 "S";
    .port_info 4 /OUTPUT 4 "F";
    .port_info 5 /OUTPUT 1 "Cout";
v00000226055f3520_0 .net "A", 3 0, v00000226056154b0_0;  1 drivers
v00000226055dd320_0 .net "B", 3 0, v0000022605615550_0;  1 drivers
v0000022605615230_0 .net "Cin", 0 0, v00000226056155f0_0;  1 drivers
v00000226056152d0_0 .var "Cout", 0 0;
v0000022605615370_0 .var "F", 3 0;
v0000022605615410_0 .net "S", 1 0, v00000226055f2e20_0;  1 drivers
E_00000226055d9540 .event anyedge, v0000022605615410_0, v00000226055f3520_0, v00000226055dd320_0, v0000022605615230_0;
    .scope S_00000226055daf10;
T_0 ;
    %wait E_00000226055d9540;
    %load/vec4 v0000022605615410_0;
    %dup/vec4;
    %pushi/vec4 0, 0, 2;
    %cmp/u;
    %jmp/1 T_0.0, 6;
    %dup/vec4;
    %pushi/vec4 1, 0, 2;
    %cmp/u;
    %jmp/1 T_0.1, 6;
    %dup/vec4;
    %pushi/vec4 2, 0, 2;
    %cmp/u;
    %jmp/1 T_0.2, 6;
    %dup/vec4;
    %pushi/vec4 3, 0, 2;
    %cmp/u;
    %jmp/1 T_0.3, 6;
    %pushi/vec4 0, 0, 4;
    %store/vec4 v0000022605615370_0, 0, 4;
    %jmp T_0.5;
T_0.0 ;
    %load/vec4 v00000226055f3520_0;
    %load/vec4 v00000226055dd320_0;
    %and;
    %store/vec4 v0000022605615370_0, 0, 4;
    %jmp T_0.5;
T_0.1 ;
    %load/vec4 v00000226055f3520_0;
    %load/vec4 v00000226055dd320_0;
    %or;
    %store/vec4 v0000022605615370_0, 0, 4;
    %jmp T_0.5;
T_0.2 ;
    %load/vec4 v00000226055f3520_0;
    %load/vec4 v00000226055dd320_0;
    %xor;
    %store/vec4 v0000022605615370_0, 0, 4;
    %jmp T_0.5;
T_0.3 ;
    %load/vec4 v00000226055f3520_0;
    %pad/u 5;
    %load/vec4 v00000226055dd320_0;
    %pad/u 5;
    %add;
    %load/vec4 v0000022605615230_0;
    %pad/u 5;
    %add;
    %split/vec4 4;
    %store/vec4 v0000022605615370_0, 0, 4;
    %store/vec4 v00000226056152d0_0, 0, 1;
    %jmp T_0.5;
T_0.5 ;
    %pop/vec4 1;
    %jmp T_0;
    .thread T_0, $push;
    .scope S_00000226055dabf0;
T_1 ;
    %vpi_call 2 12 "$dumpfile", "alu_4bit.vcd" {0 0 0};
    %vpi_call 2 13 "$dumpvars", 32'sb00000000000000000000000000000000, S_00000226055dabf0 {0 0 0};
    %pushi/vec4 3, 0, 2;
    %store/vec4 v00000226055f2e20_0, 0, 2;
    %vpi_call 2 16 "$display", "S = %b (ADD)\012", v00000226055f2e20_0 {0 0 0};
    %vpi_call 2 17 "$monitor", "t=%0t | A=%b B=%b Cin=%b | F=%b Cout=%b", $time, v00000226056154b0_0, v0000022605615550_0, v00000226056155f0_0, v00000226055f2d80_0, v00000226055f2ce0_0 {0 0 0};
    %pushi/vec4 0, 0, 4;
    %store/vec4 v00000226056154b0_0, 0, 4;
    %pushi/vec4 0, 0, 4;
    %store/vec4 v0000022605615550_0, 0, 4;
    %pushi/vec4 0, 0, 1;
    %store/vec4 v00000226056155f0_0, 0, 1;
    %delay 10000, 0;
    %pushi/vec4 10, 0, 4;
    %store/vec4 v00000226056154b0_0, 0, 4;
    %pushi/vec4 5, 0, 4;
    %store/vec4 v0000022605615550_0, 0, 4;
    %pushi/vec4 0, 0, 1;
    %store/vec4 v00000226056155f0_0, 0, 1;
    %delay 10000, 0;
    %pushi/vec4 15, 0, 4;
    %store/vec4 v00000226056154b0_0, 0, 4;
    %pushi/vec4 10, 0, 4;
    %store/vec4 v0000022605615550_0, 0, 4;
    %pushi/vec4 0, 0, 1;
    %store/vec4 v00000226056155f0_0, 0, 1;
    %delay 10000, 0;
    %pushi/vec4 12, 0, 4;
    %store/vec4 v00000226056154b0_0, 0, 4;
    %pushi/vec4 15, 0, 4;
    %store/vec4 v0000022605615550_0, 0, 4;
    %pushi/vec4 0, 0, 1;
    %store/vec4 v00000226056155f0_0, 0, 1;
    %delay 10000, 0;
    %pushi/vec4 6, 0, 4;
    %store/vec4 v00000226056154b0_0, 0, 4;
    %pushi/vec4 9, 0, 4;
    %store/vec4 v0000022605615550_0, 0, 4;
    %pushi/vec4 0, 0, 1;
    %store/vec4 v00000226056155f0_0, 0, 1;
    %delay 10000, 0;
    %pushi/vec4 15, 0, 4;
    %store/vec4 v00000226056154b0_0, 0, 4;
    %pushi/vec4 15, 0, 4;
    %store/vec4 v0000022605615550_0, 0, 4;
    %pushi/vec4 1, 0, 1;
    %store/vec4 v00000226056155f0_0, 0, 1;
    %delay 10000, 0;
    %end;
    .thread T_1;
# The file index is used to find the file name in the following table.
:file_names 4;
    "N/A";
    "<interactive>";
    ".\alu_4bit_tb.v";
    ".\alu_4bit.v";
