#! /c/Source/iverilog-install/bin/vvp
:ivl_version "12.0 (devel)" "(s20150603-1110-g18392a46)";
:ivl_delay_selection "TYPICAL";
:vpi_time_precision - 12;
:vpi_module "C:\iverilog\lib\ivl\system.vpi";
:vpi_module "C:\iverilog\lib\ivl\vhdl_sys.vpi";
:vpi_module "C:\iverilog\lib\ivl\vhdl_textio.vpi";
:vpi_module "C:\iverilog\lib\ivl\v2005_math.vpi";
:vpi_module "C:\iverilog\lib\ivl\va_math.vpi";
S_000002088a668560 .scope module, "tb_direct_mapped_cache" "tb_direct_mapped_cache" 2 35;
 .timescale -9 -12;
v000002088a674750_0 .var "address", 8 0;
v000002088a6742f0_0 .var "clk", 0 0;
v000002088a6744d0_0 .var "data_in", 15 0;
v000002088a674390_0 .net "data_out", 15 0, v000002088a665c30_0;  1 drivers
v000002088a674d90_0 .net "hit", 0 0, v000002088a6686f0_0;  1 drivers
v000002088a6749d0_0 .var "write_enable", 0 0;
S_000002088a677930 .scope module, "uut" "direct_mapped_cache" 2 44, 2 1 0, S_000002088a668560;
 .timescale 0 0;
    .port_info 0 /INPUT 1 "clk";
    .port_info 1 /INPUT 9 "address";
    .port_info 2 /INPUT 16 "data_in";
    .port_info 3 /INPUT 1 "write_enable";
    .port_info 4 /OUTPUT 16 "data_out";
    .port_info 5 /OUTPUT 1 "hit";
v000002088a643740_0 .net "address", 8 0, v000002088a674750_0;  1 drivers
v000002088a6433b0 .array "cache_data", 31 0, 15 0;
v000002088a3cbe30_0 .net "clk", 0 0, v000002088a6742f0_0;  1 drivers
v000002088a6430e0_0 .net "data_in", 15 0, v000002088a6744d0_0;  1 drivers
v000002088a665c30_0 .var "data_out", 15 0;
v000002088a6686f0_0 .var "hit", 0 0;
v000002088a668790_0 .net "index", 2 0, L_000002088a6747f0;  1 drivers
v000002088a677ac0_0 .net "tag", 3 0, L_000002088a674610;  1 drivers
v000002088a677b60 .array "tag_array", 7 0, 3 0;
v000002088a677c00 .array "valid", 7 0, 0 0;
v000002088a674890_0 .net "word", 1 0, L_000002088a6741b0;  1 drivers
v000002088a6746b0_0 .net "write_enable", 0 0, v000002088a6749d0_0;  1 drivers
E_000002088a3c89c0 .event posedge, v000002088a3cbe30_0;
L_000002088a674610 .part v000002088a674750_0, 5, 4;
L_000002088a6747f0 .part v000002088a674750_0, 2, 3;
L_000002088a6741b0 .part v000002088a674750_0, 0, 2;
    .scope S_000002088a677930;
T_0 ;
    %wait E_000002088a3c89c0;
    %load/vec4 v000002088a668790_0;
    %pad/u 5;
    %ix/vec4 4;
    %load/vec4a v000002088a677c00, 4;
    %load/vec4 v000002088a668790_0;
    %pad/u 5;
    %ix/vec4 4;
    %load/vec4a v000002088a677b60, 4;
    %load/vec4 v000002088a677ac0_0;
    %cmp/e;
    %flag_get/vec4 4;
    %and;
    %flag_set/vec4 8;
    %jmp/0xz  T_0.0, 8;
    %pushi/vec4 1, 0, 1;
    %assign/vec4 v000002088a6686f0_0, 0;
    %load/vec4 v000002088a668790_0;
    %pad/u 8;
    %pad/u 10;
    %muli 4, 0, 10;
    %pad/u 11;
    %load/vec4 v000002088a674890_0;
    %pad/u 4;
    %pad/u 11;
    %add;
    %ix/vec4 4;
    %load/vec4a v000002088a6433b0, 4;
    %assign/vec4 v000002088a665c30_0, 0;
    %jmp T_0.1;
T_0.0 ;
    %pushi/vec4 0, 0, 1;
    %assign/vec4 v000002088a6686f0_0, 0;
    %load/vec4 v000002088a6746b0_0;
    %flag_set/vec4 8;
    %jmp/0xz  T_0.2, 8;
    %load/vec4 v000002088a677ac0_0;
    %load/vec4 v000002088a668790_0;
    %pad/u 5;
    %ix/vec4 3;
    %ix/load 4, 0, 0; Constant delay
    %assign/vec4/a/d v000002088a677b60, 0, 4;
    %pushi/vec4 1, 0, 1;
    %load/vec4 v000002088a668790_0;
    %pad/u 5;
    %ix/vec4 3;
    %ix/load 4, 0, 0; Constant delay
    %assign/vec4/a/d v000002088a677c00, 0, 4;
    %load/vec4 v000002088a6430e0_0;
    %load/vec4 v000002088a668790_0;
    %pad/u 8;
    %pad/u 10;
    %muli 4, 0, 10;
    %pad/u 11;
    %load/vec4 v000002088a674890_0;
    %pad/u 4;
    %pad/u 11;
    %add;
    %ix/vec4 3;
    %ix/load 4, 0, 0; Constant delay
    %assign/vec4/a/d v000002088a6433b0, 0, 4;
T_0.2 ;
T_0.1 ;
    %jmp T_0;
    .thread T_0;
    .scope S_000002088a668560;
T_1 ;
    %delay 5000, 0;
    %load/vec4 v000002088a6742f0_0;
    %inv;
    %store/vec4 v000002088a6742f0_0, 0, 1;
    %jmp T_1;
    .thread T_1;
    .scope S_000002088a668560;
T_2 ;
    %vpi_call 2 56 "$display", "Time\011Address\011Tag\011Index\011Word\011Hit\011Data_Out" {0 0 0};
    %pushi/vec4 0, 0, 1;
    %store/vec4 v000002088a6742f0_0, 0, 1;
    %pushi/vec4 1, 0, 1;
    %store/vec4 v000002088a6749d0_0, 0, 1;
    %pushi/vec4 0, 0, 9;
    %store/vec4 v000002088a674750_0, 0, 9;
    %pushi/vec4 43690, 0, 16;
    %store/vec4 v000002088a6744d0_0, 0, 16;
    %delay 10000, 0;
    %pushi/vec4 329, 0, 9;
    %store/vec4 v000002088a674750_0, 0, 9;
    %pushi/vec4 4660, 0, 16;
    %store/vec4 v000002088a6744d0_0, 0, 16;
    %delay 10000, 0;
    %vpi_call 2 68 "$display", "%0dns\011%b\011%b\011%b\011%b\011%b\011%h", $time, v000002088a674750_0, &PV<v000002088a674750_0, 5, 4>, &PV<v000002088a674750_0, 2, 3>, &PV<v000002088a674750_0, 0, 2>, v000002088a674d90_0, v000002088a674390_0 {0 0 0};
    %pushi/vec4 330, 0, 9;
    %store/vec4 v000002088a674750_0, 0, 9;
    %delay 10000, 0;
    %vpi_call 2 72 "$display", "%0dns\011%b\011%b\011%b\011%b\011%b\011%h", $time, v000002088a674750_0, &PV<v000002088a674750_0, 5, 4>, &PV<v000002088a674750_0, 2, 3>, &PV<v000002088a674750_0, 0, 2>, v000002088a674d90_0, v000002088a674390_0 {0 0 0};
    %pushi/vec4 488, 0, 9;
    %store/vec4 v000002088a674750_0, 0, 9;
    %pushi/vec4 22136, 0, 16;
    %store/vec4 v000002088a6744d0_0, 0, 16;
    %delay 10000, 0;
    %vpi_call 2 77 "$display", "%0dns\011%b\011%b\011%b\011%b\011%b\011%h", $time, v000002088a674750_0, &PV<v000002088a674750_0, 5, 4>, &PV<v000002088a674750_0, 2, 3>, &PV<v000002088a674750_0, 0, 2>, v000002088a674d90_0, v000002088a674390_0 {0 0 0};
    %pushi/vec4 488, 0, 9;
    %store/vec4 v000002088a674750_0, 0, 9;
    %delay 10000, 0;
    %vpi_call 2 81 "$display", "%0dns\011%b\011%b\011%b\011%b\011%b\011%h", $time, v000002088a674750_0, &PV<v000002088a674750_0, 5, 4>, &PV<v000002088a674750_0, 2, 3>, &PV<v000002088a674750_0, 0, 2>, v000002088a674d90_0, v000002088a674390_0 {0 0 0};
    %vpi_call 2 83 "$finish" {0 0 0};
    %end;
    .thread T_2;
# The file index is used to find the file name in the following table.
:file_names 3;
    "N/A";
    "<interactive>";
    "Z:\GitHub\C-main\COA\Direct Mapping\MM.v";
