#! /c/Source/iverilog-install/bin/vvp
:ivl_version "12.0 (devel)" "(s20150603-1110-g18392a46)";
:ivl_delay_selection "TYPICAL";
:vpi_time_precision - 12;
:vpi_module "C:\iverilog\lib\ivl\system.vpi";
:vpi_module "C:\iverilog\lib\ivl\vhdl_sys.vpi";
:vpi_module "C:\iverilog\lib\ivl\vhdl_textio.vpi";
:vpi_module "C:\iverilog\lib\ivl\v2005_math.vpi";
:vpi_module "C:\iverilog\lib\ivl\va_math.vpi";
S_0000016a6c38b040 .scope module, "DEC2x4_tb" "DEC2x4_tb" 2 3;
 .timescale -9 -12;
v0000016a6c3d3980_0 .var "A", 1 0;
v0000016a6c3d3a20_0 .var "Enable", 0 0;
v0000016a6c3d3ac0_0 .net "Y", 3 0, L_0000016a6c3d3c00;  1 drivers
S_0000016a6c38b1d0 .scope module, "uut" "DEC2x4" 2 8, 3 1 0, S_0000016a6c38b040;
 .timescale 0 0;
    .port_info 0 /INPUT 2 "A";
    .port_info 1 /INPUT 1 "Enable";
    .port_info 2 /OUTPUT 4 "Y";
v0000016a6c3a2f70_0 .net "A", 1 0, v0000016a6c3d3980_0;  1 drivers
v0000016a6c3a3190_0 .net "Enable", 0 0, v0000016a6c3d3a20_0;  1 drivers
v0000016a6c3d5ad0_0 .net "Y", 3 0, L_0000016a6c3d3c00;  alias, 1 drivers
L_0000016a6c41c028 .functor BUFT 1, C4<0001>, C4<0>, C4<0>, C4<0>;
v0000016a6c389e00_0 .net/2u *"_ivl_0", 3 0, L_0000016a6c41c028;  1 drivers
v0000016a6c3a2b70_0 .net *"_ivl_2", 3 0, L_0000016a6c3d3b60;  1 drivers
L_0000016a6c41c070 .functor BUFT 1, C4<0000>, C4<0>, C4<0>, C4<0>;
v0000016a6c3d38e0_0 .net/2u *"_ivl_4", 3 0, L_0000016a6c41c070;  1 drivers
L_0000016a6c3d3b60 .shift/l 4, L_0000016a6c41c028, v0000016a6c3d3980_0;
L_0000016a6c3d3c00 .functor MUXZ 4, L_0000016a6c41c070, L_0000016a6c3d3b60, v0000016a6c3d3a20_0, C4<>;
    .scope S_0000016a6c38b040;
T_0 ;
    %vpi_call 2 11 "$dumpfile", "DEC2x4.vcd" {0 0 0};
    %vpi_call 2 12 "$dumpvars", 32'sb00000000000000000000000000000000, S_0000016a6c38b040 {0 0 0};
    %vpi_call 2 13 "$monitor", "t=%0t A=%b Enable=%b -> Y=%b", $time, v0000016a6c3d3980_0, v0000016a6c3d3a20_0, v0000016a6c3d3ac0_0 {0 0 0};
    %pushi/vec4 0, 0, 1;
    %store/vec4 v0000016a6c3d3a20_0, 0, 1;
    %pushi/vec4 0, 0, 2;
    %store/vec4 v0000016a6c3d3980_0, 0, 2;
    %delay 10000, 0;
    %pushi/vec4 1, 0, 1;
    %store/vec4 v0000016a6c3d3a20_0, 0, 1;
    %pushi/vec4 0, 0, 2;
    %store/vec4 v0000016a6c3d3980_0, 0, 2;
    %delay 10000, 0;
    %pushi/vec4 1, 0, 2;
    %store/vec4 v0000016a6c3d3980_0, 0, 2;
    %delay 10000, 0;
    %pushi/vec4 2, 0, 2;
    %store/vec4 v0000016a6c3d3980_0, 0, 2;
    %delay 10000, 0;
    %pushi/vec4 3, 0, 2;
    %store/vec4 v0000016a6c3d3980_0, 0, 2;
    %delay 10000, 0;
    %vpi_call 2 21 "$finish" {0 0 0};
    %end;
    .thread T_0;
# The file index is used to find the file name in the following table.
:file_names 4;
    "N/A";
    "<interactive>";
    ".\DEC2x4_tb.v";
    ".\DEC2x4.v";
