#! /c/Source/iverilog-install/bin/vvp
:ivl_version "12.0 (devel)" "(s20150603-1110-g18392a46)";
:ivl_delay_selection "TYPICAL";
:vpi_time_precision - 12;
:vpi_module "C:\iverilog\lib\ivl\system.vpi";
:vpi_module "C:\iverilog\lib\ivl\vhdl_sys.vpi";
:vpi_module "C:\iverilog\lib\ivl\vhdl_textio.vpi";
:vpi_module "C:\iverilog\lib\ivl\v2005_math.vpi";
:vpi_module "C:\iverilog\lib\ivl\va_math.vpi";
S_0000023b02c77380 .scope module, "MUX4x1_tb" "MUX4x1_tb" 2 3;
 .timescale -9 -12;
v0000023b02cd1220_0 .var "I", 3 0;
v0000023b02cd1720_0 .var "S", 1 0;
v0000023b02cd1180_0 .net "Y", 0 0, L_0000023b02cd0b40;  1 drivers
S_0000023b02c85a40 .scope module, "uut" "MUX4x1" 2 8, 3 1 0, S_0000023b02c77380;
 .timescale 0 0;
    .port_info 0 /INPUT 4 "I";
    .port_info 1 /INPUT 2 "S";
    .port_info 2 /OUTPUT 1 "Y";
v0000023b02c52f90_0 .net "I", 3 0, v0000023b02cd1220_0;  1 drivers
v0000023b02c53300_0 .net "S", 1 0, v0000023b02cd1720_0;  1 drivers
v0000023b02c52b70_0 .net "Y", 0 0, L_0000023b02cd0b40;  alias, 1 drivers
L_0000023b02cd1c98 .functor BUFT 1, C4<00>, C4<0>, C4<0>, C4<0>;
v0000023b02c77510_0 .net/2u *"_ivl_0", 1 0, L_0000023b02cd1c98;  1 drivers
v0000023b02c775b0_0 .net *"_ivl_11", 0 0, L_0000023b02cd0fa0;  1 drivers
L_0000023b02cd1d28 .functor BUFT 1, C4<10>, C4<0>, C4<0>, C4<0>;
v0000023b02c85bd0_0 .net/2u *"_ivl_12", 1 0, L_0000023b02cd1d28;  1 drivers
v0000023b02cd0e60_0 .net *"_ivl_14", 0 0, L_0000023b02cd15e0;  1 drivers
v0000023b02cd0f00_0 .net *"_ivl_17", 0 0, L_0000023b02cd1040;  1 drivers
v0000023b02cd14a0_0 .net *"_ivl_19", 0 0, L_0000023b02cd0a00;  1 drivers
v0000023b02cd1400_0 .net *"_ivl_2", 0 0, L_0000023b02cd17c0;  1 drivers
v0000023b02cd1680_0 .net *"_ivl_20", 0 0, L_0000023b02cd0aa0;  1 drivers
v0000023b02cd0dc0_0 .net *"_ivl_22", 0 0, L_0000023b02cd1360;  1 drivers
v0000023b02cd0d20_0 .net *"_ivl_5", 0 0, L_0000023b02cd0960;  1 drivers
L_0000023b02cd1ce0 .functor BUFT 1, C4<01>, C4<0>, C4<0>, C4<0>;
v0000023b02cd12c0_0 .net/2u *"_ivl_6", 1 0, L_0000023b02cd1ce0;  1 drivers
v0000023b02cd08c0_0 .net *"_ivl_8", 0 0, L_0000023b02cd1540;  1 drivers
L_0000023b02cd17c0 .cmp/eq 2, v0000023b02cd1720_0, L_0000023b02cd1c98;
L_0000023b02cd0960 .part v0000023b02cd1220_0, 0, 1;
L_0000023b02cd1540 .cmp/eq 2, v0000023b02cd1720_0, L_0000023b02cd1ce0;
L_0000023b02cd0fa0 .part v0000023b02cd1220_0, 1, 1;
L_0000023b02cd15e0 .cmp/eq 2, v0000023b02cd1720_0, L_0000023b02cd1d28;
L_0000023b02cd1040 .part v0000023b02cd1220_0, 2, 1;
L_0000023b02cd0a00 .part v0000023b02cd1220_0, 3, 1;
L_0000023b02cd0aa0 .functor MUXZ 1, L_0000023b02cd0a00, L_0000023b02cd1040, L_0000023b02cd15e0, C4<>;
L_0000023b02cd1360 .functor MUXZ 1, L_0000023b02cd0aa0, L_0000023b02cd0fa0, L_0000023b02cd1540, C4<>;
L_0000023b02cd0b40 .functor MUXZ 1, L_0000023b02cd1360, L_0000023b02cd0960, L_0000023b02cd17c0, C4<>;
    .scope S_0000023b02c77380;
T_0 ;
    %vpi_call 2 11 "$dumpfile", "MUX4x1.vcd" {0 0 0};
    %vpi_call 2 12 "$dumpvars", 32'sb00000000000000000000000000000000, S_0000023b02c77380 {0 0 0};
    %vpi_call 2 13 "$monitor", "t=%0t I=%b S=%b -> Y=%b", $time, v0000023b02cd1220_0, v0000023b02cd1720_0, v0000023b02cd1180_0 {0 0 0};
    %pushi/vec4 10, 0, 4;
    %store/vec4 v0000023b02cd1220_0, 0, 4;
    %pushi/vec4 0, 0, 2;
    %store/vec4 v0000023b02cd1720_0, 0, 2;
    %delay 10000, 0;
    %pushi/vec4 1, 0, 2;
    %store/vec4 v0000023b02cd1720_0, 0, 2;
    %delay 10000, 0;
    %pushi/vec4 2, 0, 2;
    %store/vec4 v0000023b02cd1720_0, 0, 2;
    %delay 10000, 0;
    %pushi/vec4 3, 0, 2;
    %store/vec4 v0000023b02cd1720_0, 0, 2;
    %delay 10000, 0;
    %vpi_call 2 22 "$finish" {0 0 0};
    %end;
    .thread T_0;
# The file index is used to find the file name in the following table.
:file_names 4;
    "N/A";
    "<interactive>";
    ".\MUX_41_tb.v";
    ".\MUX_41.v";
