#! /c/Source/iverilog-install/bin/vvp
:ivl_version "12.0 (devel)" "(s20150603-1110-g18392a46)";
:ivl_delay_selection "TYPICAL";
:vpi_time_precision - 12;
:vpi_module "C:\iverilog\lib\ivl\system.vpi";
:vpi_module "C:\iverilog\lib\ivl\vhdl_sys.vpi";
:vpi_module "C:\iverilog\lib\ivl\vhdl_textio.vpi";
:vpi_module "C:\iverilog\lib\ivl\v2005_math.vpi";
:vpi_module "C:\iverilog\lib\ivl\va_math.vpi";
S_0000023f9f224810 .scope module, "T_FF_tb" "T_FF_tb" 2 3;
 .timescale -9 -12;
v0000023f9f1ebe70_0 .net "Q", 0 0, v0000023f9f202e20_0;  1 drivers
v0000023f9f1ebf10_0 .var "T", 0 0;
v0000023f9f202770_0 .var "clk", 0 0;
v0000023f9f202810_0 .var "rst", 0 0;
S_0000023f9f2249a0 .scope module, "uut" "T_FF" 2 7, 3 1 0, S_0000023f9f224810;
 .timescale 0 0;
    .port_info 0 /INPUT 1 "clk";
    .port_info 1 /INPUT 1 "rst";
    .port_info 2 /INPUT 1 "T";
    .port_info 3 /OUTPUT 1 "Q";
v0000023f9f202e20_0 .var "Q", 0 0;
v0000023f9f1eafa0_0 .net "T", 0 0, v0000023f9f1ebf10_0;  1 drivers
v0000023f9f235d50_0 .net "clk", 0 0, v0000023f9f202770_0;  1 drivers
v0000023f9f224b30_0 .net "rst", 0 0, v0000023f9f202810_0;  1 drivers
E_0000023f9f1ed6c0 .event posedge, v0000023f9f224b30_0, v0000023f9f235d50_0;
    .scope S_0000023f9f2249a0;
T_0 ;
    %wait E_0000023f9f1ed6c0;
    %load/vec4 v0000023f9f224b30_0;
    %flag_set/vec4 8;
    %jmp/0xz  T_0.0, 8;
    %pushi/vec4 0, 0, 1;
    %assign/vec4 v0000023f9f202e20_0, 0;
    %jmp T_0.1;
T_0.0 ;
    %load/vec4 v0000023f9f1eafa0_0;
    %flag_set/vec4 8;
    %jmp/0xz  T_0.2, 8;
    %load/vec4 v0000023f9f202e20_0;
    %inv;
    %assign/vec4 v0000023f9f202e20_0, 0;
T_0.2 ;
T_0.1 ;
    %jmp T_0;
    .thread T_0;
    .scope S_0000023f9f224810;
T_1 ;
    %delay 5000, 0;
    %load/vec4 v0000023f9f202770_0;
    %inv;
    %store/vec4 v0000023f9f202770_0, 0, 1;
    %jmp T_1;
    .thread T_1;
    .scope S_0000023f9f224810;
T_2 ;
    %vpi_call 2 12 "$dumpfile", "T_FF.vcd" {0 0 0};
    %vpi_call 2 13 "$dumpvars", 32'sb00000000000000000000000000000000, S_0000023f9f224810 {0 0 0};
    %vpi_call 2 14 "$monitor", "t=%0t clk=%b rst=%b T=%b -> Q=%b", $time, v0000023f9f202770_0, v0000023f9f202810_0, v0000023f9f1ebf10_0, v0000023f9f1ebe70_0 {0 0 0};
    %pushi/vec4 0, 0, 1;
    %store/vec4 v0000023f9f202770_0, 0, 1;
    %pushi/vec4 1, 0, 1;
    %store/vec4 v0000023f9f202810_0, 0, 1;
    %pushi/vec4 0, 0, 1;
    %store/vec4 v0000023f9f1ebf10_0, 0, 1;
    %delay 10000, 0;
    %pushi/vec4 0, 0, 1;
    %store/vec4 v0000023f9f202810_0, 0, 1;
    %pushi/vec4 1, 0, 1;
    %store/vec4 v0000023f9f1ebf10_0, 0, 1;
    %delay 40000, 0;
    %pushi/vec4 0, 0, 1;
    %store/vec4 v0000023f9f1ebf10_0, 0, 1;
    %delay 20000, 0;
    %pushi/vec4 1, 0, 1;
    %store/vec4 v0000023f9f1ebf10_0, 0, 1;
    %delay 30000, 0;
    %vpi_call 2 31 "$finish" {0 0 0};
    %end;
    .thread T_2;
# The file index is used to find the file name in the following table.
:file_names 4;
    "N/A";
    "<interactive>";
    ".\T_FF_tb.v";
    ".\T_FF.v";
