#! /c/Source/iverilog-install/bin/vvp
:ivl_version "12.0 (devel)" "(s20150603-1110-g18392a46)";
:ivl_delay_selection "TYPICAL";
:vpi_time_precision - 12;
:vpi_module "C:\iverilog\lib\ivl\system.vpi";
:vpi_module "C:\iverilog\lib\ivl\vhdl_sys.vpi";
:vpi_module "C:\iverilog\lib\ivl\vhdl_textio.vpi";
:vpi_module "C:\iverilog\lib\ivl\v2005_math.vpi";
:vpi_module "C:\iverilog\lib\ivl\va_math.vpi";
S_000002b350609960 .scope module, "Dff_tb" "Dff_tb" 2 2;
 .timescale -9 -12;
v000002b35060b920_0 .var "clk", 0 0;
v000002b35060b9c0_0 .var "d", 0 0;
v000002b35060ba60_0 .net "q", 0 0, v000002b3504a2c80_0;  1 drivers
v000002b35060bb00_0 .net "qbar", 0 0, L_000002b3504a3150;  1 drivers
S_000002b350609af0 .scope module, "uut" "Dff" 2 7, 3 1 0, S_000002b350609960;
 .timescale 0 0;
    .port_info 0 /INPUT 1 "clk";
    .port_info 1 /INPUT 1 "d";
    .port_info 2 /OUTPUT 1 "q";
    .port_info 3 /OUTPUT 1 "qbar";
L_000002b3504a3150 .functor NOT 1, v000002b3504a2c80_0, C4<0>, C4<0>, C4<0>;
v000002b3504a2f30_0 .net "clk", 0 0, v000002b35060b920_0;  1 drivers
v000002b350609c80_0 .net "d", 0 0, v000002b35060b9c0_0;  1 drivers
v000002b3504a2c80_0 .var "q", 0 0;
v000002b3504d5d00_0 .net "qbar", 0 0, L_000002b3504a3150;  alias, 1 drivers
E_000002b35060d3a0 .event posedge, v000002b3504a2f30_0;
    .scope S_000002b350609af0;
T_0 ;
    %wait E_000002b35060d3a0;
    %load/vec4 v000002b350609c80_0;
    %assign/vec4 v000002b3504a2c80_0, 0;
    %jmp T_0;
    .thread T_0;
    .scope S_000002b350609960;
T_1 ;
    %pushi/vec4 0, 0, 1;
    %store/vec4 v000002b35060b920_0, 0, 1;
    %end;
    .thread T_1;
    .scope S_000002b350609960;
T_2 ;
    %delay 5000, 0;
    %load/vec4 v000002b35060b920_0;
    %inv;
    %store/vec4 v000002b35060b920_0, 0, 1;
    %jmp T_2;
    .thread T_2;
    .scope S_000002b350609960;
T_3 ;
    %vpi_call 2 13 "$dumpfile", "Dff.vcd" {0 0 0};
    %vpi_call 2 14 "$dumpvars", 32'sb00000000000000000000000000000000, S_000002b350609960 {0 0 0};
    %vpi_call 2 15 "$monitor", "t=%0t D=%b Q=%b Qbar=%b clk=%b", $time, v000002b35060b9c0_0, v000002b35060ba60_0, v000002b35060bb00_0, v000002b35060b920_0 {0 0 0};
    %pushi/vec4 0, 0, 1;
    %store/vec4 v000002b35060b9c0_0, 0, 1;
    %delay 10000, 0;
    %pushi/vec4 1, 0, 1;
    %store/vec4 v000002b35060b9c0_0, 0, 1;
    %delay 10000, 0;
    %pushi/vec4 0, 0, 1;
    %store/vec4 v000002b35060b9c0_0, 0, 1;
    %delay 10000, 0;
    %pushi/vec4 1, 0, 1;
    %store/vec4 v000002b35060b9c0_0, 0, 1;
    %delay 10000, 0;
    %vpi_call 2 21 "$finish" {0 0 0};
    %end;
    .thread T_3;
# The file index is used to find the file name in the following table.
:file_names 4;
    "N/A";
    "<interactive>";
    "Dff_tb.v";
    "Dff.v";
