#! /c/Source/iverilog-install/bin/vvp
:ivl_version "12.0 (devel)" "(s20150603-1110-g18392a46)";
:ivl_delay_selection "TYPICAL";
:vpi_time_precision - 12;
:vpi_module "C:\iverilog\lib\ivl\system.vpi";
:vpi_module "C:\iverilog\lib\ivl\vhdl_sys.vpi";
:vpi_module "C:\iverilog\lib\ivl\vhdl_textio.vpi";
:vpi_module "C:\iverilog\lib\ivl\v2005_math.vpi";
:vpi_module "C:\iverilog\lib\ivl\va_math.vpi";
S_000001e7ae337f30 .scope module, "x_tb" "x_tb" 2 2;
 .timescale -9 -12;
P_000001e7ae46adb0 .param/l "A_val" 1 2 8, C4<0001>;
P_000001e7ae46ade8 .param/l "B_val" 1 2 9, C4<0010>;
P_000001e7ae46ae20 .param/l "C_val" 1 2 10, C4<0100>;
P_000001e7ae46ae58 .param/l "D_val" 1 2 11, C4<1000>;
v000001e7ae392eb0_0 .net "BUS", 3 0, L_000001e7ae392a50;  1 drivers
v000001e7ae3929b0_0 .var "S", 1 0;
S_000001e7ae338480 .scope module, "uut" "x" 2 6, 3 1 0, S_000001e7ae337f30;
 .timescale 0 0;
    .port_info 0 /INPUT 2 "S";
    .port_info 1 /OUTPUT 4 "BUS";
L_000001e7ae393018 .functor BUFT 1, C4<0001>, C4<0>, C4<0>, C4<0>;
v000001e7ae3134e0_0 .net "A", 3 0, L_000001e7ae393018;  1 drivers
L_000001e7ae393060 .functor BUFT 1, C4<0010>, C4<0>, C4<0>, C4<0>;
v000001e7ae313870_0 .net "B", 3 0, L_000001e7ae393060;  1 drivers
v000001e7ae392050_0 .net "BUS", 3 0, L_000001e7ae392a50;  alias, 1 drivers
L_000001e7ae3930a8 .functor BUFT 1, C4<0100>, C4<0>, C4<0>, C4<0>;
v000001e7ae392910_0 .net "C", 3 0, L_000001e7ae3930a8;  1 drivers
L_000001e7ae3930f0 .functor BUFT 1, C4<1000>, C4<0>, C4<0>, C4<0>;
v000001e7ae3925f0_0 .net "D", 3 0, L_000001e7ae3930f0;  1 drivers
v000001e7ae392550_0 .net "S", 1 0, v000001e7ae3929b0_0;  1 drivers
v000001e7ae3924b0_0 .net *"_ivl_10", 0 0, L_000001e7ae3927d0;  1 drivers
L_000001e7ae393180 .functor BUFT 1, C4<01>, C4<0>, C4<0>, C4<0>;
v000001e7ae392d70_0 .net/2u *"_ivl_12", 1 0, L_000001e7ae393180;  1 drivers
v000001e7ae3922d0_0 .net *"_ivl_14", 0 0, L_000001e7ae392690;  1 drivers
L_000001e7ae3931c8 .functor BUFT 1, C4<10>, C4<0>, C4<0>, C4<0>;
v000001e7ae392370_0 .net/2u *"_ivl_16", 1 0, L_000001e7ae3931c8;  1 drivers
v000001e7ae392c30_0 .net *"_ivl_18", 0 0, L_000001e7ae392190;  1 drivers
v000001e7ae392410_0 .net *"_ivl_20", 3 0, L_000001e7ae392730;  1 drivers
v000001e7ae392e10_0 .net *"_ivl_22", 3 0, L_000001e7ae392870;  1 drivers
L_000001e7ae393138 .functor BUFT 1, C4<00>, C4<0>, C4<0>, C4<0>;
v000001e7ae3920f0_0 .net/2u *"_ivl_8", 1 0, L_000001e7ae393138;  1 drivers
L_000001e7ae3927d0 .cmp/eq 2, v000001e7ae3929b0_0, L_000001e7ae393138;
L_000001e7ae392690 .cmp/eq 2, v000001e7ae3929b0_0, L_000001e7ae393180;
L_000001e7ae392190 .cmp/eq 2, v000001e7ae3929b0_0, L_000001e7ae3931c8;
L_000001e7ae392730 .functor MUXZ 4, L_000001e7ae3930f0, L_000001e7ae3930a8, L_000001e7ae392190, C4<>;
L_000001e7ae392870 .functor MUXZ 4, L_000001e7ae392730, L_000001e7ae393060, L_000001e7ae392690, C4<>;
L_000001e7ae392a50 .functor MUXZ 4, L_000001e7ae392870, L_000001e7ae393018, L_000001e7ae3927d0, C4<>;
    .scope S_000001e7ae337f30;
T_0 ;
    %vpi_call 2 14 "$dumpfile", "bus_system.vcd" {0 0 0};
    %vpi_call 2 15 "$dumpvars", 32'sb00000000000000000000000000000000, S_000001e7ae337f30 {0 0 0};
    %vpi_call 2 17 "$display", "Registers: A=%b B=%b C=%b D=%b", P_000001e7ae46adb0, P_000001e7ae46ade8, P_000001e7ae46ae20, P_000001e7ae46ae58 {0 0 0};
    %vpi_call 2 18 "$display", "S  : selects  |   BUS[3:0]" {0 0 0};
    %load/vec4 v000001e7ae3929b0_0;
    %cmpi/e 0, 0, 2;
    %flag_mov 8, 4;
    %jmp/0 T_0.0, 8;
    %pushi/vec4 65, 0, 8; draw_string_vec4
    %jmp/1 T_0.1, 8;
T_0.0 ; End of true expr.
    %load/vec4 v000001e7ae3929b0_0;
    %cmpi/e 1, 0, 2;
    %flag_mov 9, 4;
    %jmp/0 T_0.2, 9;
    %pushi/vec4 66, 0, 8; draw_string_vec4
    %jmp/1 T_0.3, 9;
T_0.2 ; End of true expr.
    %load/vec4 v000001e7ae3929b0_0;
    %cmpi/e 2, 0, 2;
    %flag_mov 10, 4;
    %jmp/0 T_0.4, 10;
    %pushi/vec4 67, 0, 8; draw_string_vec4
    %jmp/1 T_0.5, 10;
T_0.4 ; End of true expr.
    %pushi/vec4 68, 0, 8; draw_string_vec4
    %jmp/0 T_0.5, 10;
 ; End of false expr.
    %blend;
T_0.5;
    %jmp/0 T_0.3, 9;
 ; End of false expr.
    %blend;
T_0.3;
    %jmp/0 T_0.1, 8;
 ; End of false expr.
    %blend;
T_0.1;
    %vpi_call 2 19 "$monitor", "%b : %s  | %b", v000001e7ae3929b0_0, S<0,vec4,u8>, v000001e7ae392eb0_0 {1 0 0};
    %pushi/vec4 0, 0, 2;
    %store/vec4 v000001e7ae3929b0_0, 0, 2;
    %delay 10000, 0;
    %pushi/vec4 1, 0, 2;
    %store/vec4 v000001e7ae3929b0_0, 0, 2;
    %delay 10000, 0;
    %pushi/vec4 2, 0, 2;
    %store/vec4 v000001e7ae3929b0_0, 0, 2;
    %delay 10000, 0;
    %pushi/vec4 3, 0, 2;
    %store/vec4 v000001e7ae3929b0_0, 0, 2;
    %delay 10000, 0;
    %vpi_call 2 26 "$finish" {0 0 0};
    %end;
    .thread T_0;
# The file index is used to find the file name in the following table.
:file_names 4;
    "N/A";
    "<interactive>";
    ".\x_tb.v";
    ".\x.v";
