#! /c/Source/iverilog-install/bin/vvp
:ivl_version "12.0 (devel)" "(s20150603-1110-g18392a46)";
:ivl_delay_selection "TYPICAL";
:vpi_time_precision - 12;
:vpi_module "C:\iverilog\lib\ivl\system.vpi";
:vpi_module "C:\iverilog\lib\ivl\vhdl_sys.vpi";
:vpi_module "C:\iverilog\lib\ivl\vhdl_textio.vpi";
:vpi_module "C:\iverilog\lib\ivl\v2005_math.vpi";
:vpi_module "C:\iverilog\lib\ivl\va_math.vpi";
S_000001bbec1886c0 .scope module, "DirectMap_tb" "DirectMap_tb" 2 3;
 .timescale -9 -12;
v000001bbec1f7650_0 .var "addr", 10 0;
v000001bbec1f7150_0 .var "clk", 0 0;
v000001bbec1f76f0_0 .var "din", 7 0;
v000001bbec1f7bf0_0 .net "dout", 7 0, v000001bbec197840_0;  1 drivers
v000001bbec1f7790_0 .net "hit", 0 0, v000001bbec1978e0_0;  1 drivers
v000001bbec1f7c90_0 .var "read", 0 0;
v000001bbec1f7fb0_0 .var "rst", 0 0;
v000001bbec1f7a10_0 .var "we", 0 0;
S_000001bbec197610 .scope module, "dut" "DirectMap" 2 13, 3 1 0, S_000001bbec1886c0;
 .timescale 0 0;
    .port_info 0 /INPUT 11 "addr";
    .port_info 1 /INPUT 8 "din";
    .port_info 2 /INPUT 1 "clk";
    .port_info 3 /INPUT 1 "we";
    .port_info 4 /OUTPUT 8 "dout";
    .port_info 5 /OUTPUT 1 "hit";
v000001bbec188470_0 .net *"_ivl_3", 3 0, L_000001bbec1f7b50;  1 drivers
v000001bbec163520_0 .net "addr", 10 0, v000001bbec1f7650_0;  1 drivers
v000001bbec1893f0_0 .net "clk", 0 0, v000001bbec1f7150_0;  1 drivers
v000001bbec188850 .array "data", 15 0, 7 0;
v000001bbec1977a0_0 .net "din", 7 0, v000001bbec1f76f0_0;  1 drivers
v000001bbec197840_0 .var "dout", 7 0;
v000001bbec1978e0_0 .var "hit", 0 0;
v000001bbec197980_0 .net "index", 3 0, L_000001bbec1f75b0;  1 drivers
v000001bbec197a20_0 .net "t", 2 0, L_000001bbec1f7d30;  1 drivers
v000001bbec162ce0 .array "tag", 15 0, 3 0;
v000001bbec162d80 .array "valid", 15 0, 0 0;
v000001bbec1f7ab0_0 .net "we", 0 0, v000001bbec1f7a10_0;  1 drivers
E_000001bbec18d350 .event posedge, v000001bbec1893f0_0;
L_000001bbec1f75b0 .part v000001bbec1f7650_0, 0, 4;
L_000001bbec1f7b50 .part v000001bbec1f7650_0, 7, 4;
L_000001bbec1f7d30 .part L_000001bbec1f7b50, 0, 3;
S_000001bbec162e20 .scope function.vec4.s11, "make_addr" "make_addr" 2 27, 2 27 0, S_000001bbec1886c0;
 .timescale -9 -12;
v000001bbec1f7470_0 .var "index", 3 0;
; Variable make_addr is vec4 return value of scope S_000001bbec162e20
v000001bbec1f7830_0 .var "tag", 3 0;
TD_DirectMap_tb.make_addr ;
    %load/vec4 v000001bbec1f7830_0;
    %pad/u 11;
    %ix/load 4, 7, 0;
    %flag_set/imm 4, 0;
    %shiftl 4;
    %load/vec4 v000001bbec1f7470_0;
    %pad/u 11;
    %or;
    %ret/vec4 0, 0, 11;  Assign to make_addr (store_vec4_to_lval)
    %end;
S_000001bbec162fb0 .scope task, "show" "show" 2 35, 2 35 0, S_000001bbec1886c0;
 .timescale -9 -12;
v000001bbec1f78d0_0 .var "a", 10 0;
v000001bbec1f73d0_0 .var "r", 0 0;
v000001bbec1f7510_0 .var "w", 7 0;
v000001bbec1f7970_0 .var "wr", 0 0;
TD_DirectMap_tb.show ;
    %delay 1000, 0;
    %vpi_call 2 42 "$display", "%0t | addr=%0d tag=%b idx=%b | we=%b read=%b | hit=%b dout=%02h written=%02h", $time, v000001bbec1f78d0_0, &PV<v000001bbec1f78d0_0, 7, 4>, &PV<v000001bbec1f78d0_0, 0, 7>, v000001bbec1f7970_0, v000001bbec1f73d0_0, v000001bbec1f7790_0, v000001bbec1f7bf0_0, v000001bbec1f7510_0 {0 0 0};
    %end;
    .scope S_000001bbec197610;
T_2 ;
    %wait E_000001bbec18d350;
    %load/vec4 v000001bbec1f7ab0_0;
    %flag_set/vec4 8;
    %jmp/0xz  T_2.0, 8;
    %load/vec4 v000001bbec197a20_0;
    %pad/u 4;
    %load/vec4 v000001bbec197980_0;
    %pad/u 6;
    %ix/vec4 3;
    %ix/load 4, 0, 0; Constant delay
    %assign/vec4/a/d v000001bbec162ce0, 0, 4;
    %load/vec4 v000001bbec1977a0_0;
    %load/vec4 v000001bbec197980_0;
    %pad/u 6;
    %ix/vec4 3;
    %ix/load 4, 0, 0; Constant delay
    %assign/vec4/a/d v000001bbec188850, 0, 4;
    %pushi/vec4 1, 0, 1;
    %load/vec4 v000001bbec197980_0;
    %pad/u 6;
    %ix/vec4 3;
    %ix/load 4, 0, 0; Constant delay
    %assign/vec4/a/d v000001bbec162d80, 0, 4;
    %jmp T_2.1;
T_2.0 ;
    %load/vec4 v000001bbec197980_0;
    %pad/u 6;
    %ix/vec4 4;
    %load/vec4a v000001bbec162d80, 4;
    %load/vec4 v000001bbec197980_0;
    %pad/u 6;
    %ix/vec4 4;
    %load/vec4a v000001bbec162ce0, 4;
    %load/vec4 v000001bbec197a20_0;
    %pad/u 4;
    %cmp/e;
    %flag_get/vec4 4;
    %and;
    %flag_set/vec4 8;
    %jmp/0xz  T_2.2, 8;
    %load/vec4 v000001bbec197980_0;
    %pad/u 6;
    %ix/vec4 4;
    %load/vec4a v000001bbec188850, 4;
    %assign/vec4 v000001bbec197840_0, 0;
    %pushi/vec4 1, 0, 1;
    %assign/vec4 v000001bbec1978e0_0, 0;
    %jmp T_2.3;
T_2.2 ;
    %pushi/vec4 0, 0, 8;
    %assign/vec4 v000001bbec197840_0, 0;
    %pushi/vec4 0, 0, 1;
    %assign/vec4 v000001bbec1978e0_0, 0;
T_2.3 ;
T_2.1 ;
    %jmp T_2;
    .thread T_2;
    .scope S_000001bbec1886c0;
T_3 ;
    %pushi/vec4 0, 0, 1;
    %store/vec4 v000001bbec1f7150_0, 0, 1;
T_3.0 ;
    %delay 5000, 0;
    %load/vec4 v000001bbec1f7150_0;
    %inv;
    %store/vec4 v000001bbec1f7150_0, 0, 1;
    %jmp T_3.0;
    %end;
    .thread T_3;
    .scope S_000001bbec1886c0;
T_4 ;
    %vpi_call 2 48 "$dumpfile", "DirectMap.vcd" {0 0 0};
    %vpi_call 2 49 "$dumpvars", 32'sb00000000000000000000000000000000, S_000001bbec1886c0 {0 0 0};
    %vpi_call 2 51 "$display", "\012DirectMap testbench" {0 0 0};
    %vpi_call 2 52 "$display", "Registers: 16 lines, tag=4 bits, index=7 bits(used partly), data=8 bits" {0 0 0};
    %vpi_call 2 53 "$display", "Time | addr tag idx | we read | hit dout written" {0 0 0};
    %vpi_call 2 54 "$display", "------------------------------------------------" {0 0 0};
    %pushi/vec4 1, 0, 1;
    %store/vec4 v000001bbec1f7fb0_0, 0, 1;
    %pushi/vec4 0, 0, 1;
    %store/vec4 v000001bbec1f7c90_0, 0, 1;
    %pushi/vec4 0, 0, 1;
    %store/vec4 v000001bbec1f7a10_0, 0, 1;
    %pushi/vec4 0, 0, 11;
    %store/vec4 v000001bbec1f7650_0, 0, 11;
    %pushi/vec4 0, 0, 8;
    %store/vec4 v000001bbec1f76f0_0, 0, 8;
    %delay 12000, 0;
    %pushi/vec4 0, 0, 1;
    %store/vec4 v000001bbec1f7fb0_0, 0, 1;
    %delay 8000, 0;
    %pushi/vec4 1, 0, 1;
    %store/vec4 v000001bbec1f7a10_0, 0, 1;
    %pushi/vec4 0, 0, 1;
    %store/vec4 v000001bbec1f7c90_0, 0, 1;
    %pushi/vec4 1, 0, 4;
    %pushi/vec4 0, 0, 4;
    %store/vec4 v000001bbec1f7470_0, 0, 4;
    %store/vec4 v000001bbec1f7830_0, 0, 4;
    %callf/vec4 TD_DirectMap_tb.make_addr, S_000001bbec162e20;
    %store/vec4 v000001bbec1f7650_0, 0, 11;
    %pushi/vec4 161, 0, 8;
    %store/vec4 v000001bbec1f76f0_0, 0, 8;
    %load/vec4 v000001bbec1f7650_0;
    %store/vec4 v000001bbec1f78d0_0, 0, 11;
    %load/vec4 v000001bbec1f76f0_0;
    %store/vec4 v000001bbec1f7510_0, 0, 8;
    %load/vec4 v000001bbec1f7c90_0;
    %store/vec4 v000001bbec1f73d0_0, 0, 1;
    %load/vec4 v000001bbec1f7a10_0;
    %store/vec4 v000001bbec1f7970_0, 0, 1;
    %fork TD_DirectMap_tb.show, S_000001bbec162fb0;
    %join;
    %delay 10000, 0;
    %pushi/vec4 2, 0, 4;
    %pushi/vec4 1, 0, 4;
    %store/vec4 v000001bbec1f7470_0, 0, 4;
    %store/vec4 v000001bbec1f7830_0, 0, 4;
    %callf/vec4 TD_DirectMap_tb.make_addr, S_000001bbec162e20;
    %store/vec4 v000001bbec1f7650_0, 0, 11;
    %pushi/vec4 178, 0, 8;
    %store/vec4 v000001bbec1f76f0_0, 0, 8;
    %load/vec4 v000001bbec1f7650_0;
    %store/vec4 v000001bbec1f78d0_0, 0, 11;
    %load/vec4 v000001bbec1f76f0_0;
    %store/vec4 v000001bbec1f7510_0, 0, 8;
    %load/vec4 v000001bbec1f7c90_0;
    %store/vec4 v000001bbec1f73d0_0, 0, 1;
    %load/vec4 v000001bbec1f7a10_0;
    %store/vec4 v000001bbec1f7970_0, 0, 1;
    %fork TD_DirectMap_tb.show, S_000001bbec162fb0;
    %join;
    %delay 10000, 0;
    %pushi/vec4 3, 0, 4;
    %pushi/vec4 2, 0, 4;
    %store/vec4 v000001bbec1f7470_0, 0, 4;
    %store/vec4 v000001bbec1f7830_0, 0, 4;
    %callf/vec4 TD_DirectMap_tb.make_addr, S_000001bbec162e20;
    %store/vec4 v000001bbec1f7650_0, 0, 11;
    %pushi/vec4 195, 0, 8;
    %store/vec4 v000001bbec1f76f0_0, 0, 8;
    %load/vec4 v000001bbec1f7650_0;
    %store/vec4 v000001bbec1f78d0_0, 0, 11;
    %load/vec4 v000001bbec1f76f0_0;
    %store/vec4 v000001bbec1f7510_0, 0, 8;
    %load/vec4 v000001bbec1f7c90_0;
    %store/vec4 v000001bbec1f73d0_0, 0, 1;
    %load/vec4 v000001bbec1f7a10_0;
    %store/vec4 v000001bbec1f7970_0, 0, 1;
    %fork TD_DirectMap_tb.show, S_000001bbec162fb0;
    %join;
    %delay 10000, 0;
    %pushi/vec4 4, 0, 4;
    %pushi/vec4 3, 0, 4;
    %store/vec4 v000001bbec1f7470_0, 0, 4;
    %store/vec4 v000001bbec1f7830_0, 0, 4;
    %callf/vec4 TD_DirectMap_tb.make_addr, S_000001bbec162e20;
    %store/vec4 v000001bbec1f7650_0, 0, 11;
    %pushi/vec4 212, 0, 8;
    %store/vec4 v000001bbec1f76f0_0, 0, 8;
    %load/vec4 v000001bbec1f7650_0;
    %store/vec4 v000001bbec1f78d0_0, 0, 11;
    %load/vec4 v000001bbec1f76f0_0;
    %store/vec4 v000001bbec1f7510_0, 0, 8;
    %load/vec4 v000001bbec1f7c90_0;
    %store/vec4 v000001bbec1f73d0_0, 0, 1;
    %load/vec4 v000001bbec1f7a10_0;
    %store/vec4 v000001bbec1f7970_0, 0, 1;
    %fork TD_DirectMap_tb.show, S_000001bbec162fb0;
    %join;
    %delay 10000, 0;
    %pushi/vec4 0, 0, 1;
    %store/vec4 v000001bbec1f7a10_0, 0, 1;
    %pushi/vec4 1, 0, 1;
    %store/vec4 v000001bbec1f7c90_0, 0, 1;
    %pushi/vec4 0, 0, 8;
    %store/vec4 v000001bbec1f76f0_0, 0, 8;
    %pushi/vec4 1, 0, 4;
    %pushi/vec4 0, 0, 4;
    %store/vec4 v000001bbec1f7470_0, 0, 4;
    %store/vec4 v000001bbec1f7830_0, 0, 4;
    %callf/vec4 TD_DirectMap_tb.make_addr, S_000001bbec162e20;
    %store/vec4 v000001bbec1f7650_0, 0, 11;
    %load/vec4 v000001bbec1f7650_0;
    %store/vec4 v000001bbec1f78d0_0, 0, 11;
    %load/vec4 v000001bbec1f76f0_0;
    %store/vec4 v000001bbec1f7510_0, 0, 8;
    %load/vec4 v000001bbec1f7c90_0;
    %store/vec4 v000001bbec1f73d0_0, 0, 1;
    %load/vec4 v000001bbec1f7a10_0;
    %store/vec4 v000001bbec1f7970_0, 0, 1;
    %fork TD_DirectMap_tb.show, S_000001bbec162fb0;
    %join;
    %delay 10000, 0;
    %pushi/vec4 2, 0, 4;
    %pushi/vec4 1, 0, 4;
    %store/vec4 v000001bbec1f7470_0, 0, 4;
    %store/vec4 v000001bbec1f7830_0, 0, 4;
    %callf/vec4 TD_DirectMap_tb.make_addr, S_000001bbec162e20;
    %store/vec4 v000001bbec1f7650_0, 0, 11;
    %load/vec4 v000001bbec1f7650_0;
    %store/vec4 v000001bbec1f78d0_0, 0, 11;
    %load/vec4 v000001bbec1f76f0_0;
    %store/vec4 v000001bbec1f7510_0, 0, 8;
    %load/vec4 v000001bbec1f7c90_0;
    %store/vec4 v000001bbec1f73d0_0, 0, 1;
    %load/vec4 v000001bbec1f7a10_0;
    %store/vec4 v000001bbec1f7970_0, 0, 1;
    %fork TD_DirectMap_tb.show, S_000001bbec162fb0;
    %join;
    %delay 10000, 0;
    %pushi/vec4 15, 0, 4;
    %pushi/vec4 4, 0, 4;
    %store/vec4 v000001bbec1f7470_0, 0, 4;
    %store/vec4 v000001bbec1f7830_0, 0, 4;
    %callf/vec4 TD_DirectMap_tb.make_addr, S_000001bbec162e20;
    %store/vec4 v000001bbec1f7650_0, 0, 11;
    %load/vec4 v000001bbec1f7650_0;
    %store/vec4 v000001bbec1f78d0_0, 0, 11;
    %load/vec4 v000001bbec1f76f0_0;
    %store/vec4 v000001bbec1f7510_0, 0, 8;
    %load/vec4 v000001bbec1f7c90_0;
    %store/vec4 v000001bbec1f73d0_0, 0, 1;
    %load/vec4 v000001bbec1f7a10_0;
    %store/vec4 v000001bbec1f7970_0, 0, 1;
    %fork TD_DirectMap_tb.show, S_000001bbec162fb0;
    %join;
    %delay 10000, 0;
    %pushi/vec4 1, 0, 1;
    %store/vec4 v000001bbec1f7a10_0, 0, 1;
    %pushi/vec4 0, 0, 1;
    %store/vec4 v000001bbec1f7c90_0, 0, 1;
    %pushi/vec4 9, 0, 4;
    %pushi/vec4 0, 0, 4;
    %store/vec4 v000001bbec1f7470_0, 0, 4;
    %store/vec4 v000001bbec1f7830_0, 0, 4;
    %callf/vec4 TD_DirectMap_tb.make_addr, S_000001bbec162e20;
    %store/vec4 v000001bbec1f7650_0, 0, 11;
    %pushi/vec4 154, 0, 8;
    %store/vec4 v000001bbec1f76f0_0, 0, 8;
    %load/vec4 v000001bbec1f7650_0;
    %store/vec4 v000001bbec1f78d0_0, 0, 11;
    %load/vec4 v000001bbec1f76f0_0;
    %store/vec4 v000001bbec1f7510_0, 0, 8;
    %load/vec4 v000001bbec1f7c90_0;
    %store/vec4 v000001bbec1f73d0_0, 0, 1;
    %load/vec4 v000001bbec1f7a10_0;
    %store/vec4 v000001bbec1f7970_0, 0, 1;
    %fork TD_DirectMap_tb.show, S_000001bbec162fb0;
    %join;
    %delay 10000, 0;
    %pushi/vec4 0, 0, 1;
    %store/vec4 v000001bbec1f7a10_0, 0, 1;
    %pushi/vec4 1, 0, 1;
    %store/vec4 v000001bbec1f7c90_0, 0, 1;
    %pushi/vec4 1, 0, 4;
    %pushi/vec4 0, 0, 4;
    %store/vec4 v000001bbec1f7470_0, 0, 4;
    %store/vec4 v000001bbec1f7830_0, 0, 4;
    %callf/vec4 TD_DirectMap_tb.make_addr, S_000001bbec162e20;
    %store/vec4 v000001bbec1f7650_0, 0, 11;
    %load/vec4 v000001bbec1f7650_0;
    %store/vec4 v000001bbec1f78d0_0, 0, 11;
    %load/vec4 v000001bbec1f76f0_0;
    %store/vec4 v000001bbec1f7510_0, 0, 8;
    %load/vec4 v000001bbec1f7c90_0;
    %store/vec4 v000001bbec1f73d0_0, 0, 1;
    %load/vec4 v000001bbec1f7a10_0;
    %store/vec4 v000001bbec1f7970_0, 0, 1;
    %fork TD_DirectMap_tb.show, S_000001bbec162fb0;
    %join;
    %delay 10000, 0;
    %pushi/vec4 9, 0, 4;
    %pushi/vec4 0, 0, 4;
    %store/vec4 v000001bbec1f7470_0, 0, 4;
    %store/vec4 v000001bbec1f7830_0, 0, 4;
    %callf/vec4 TD_DirectMap_tb.make_addr, S_000001bbec162e20;
    %store/vec4 v000001bbec1f7650_0, 0, 11;
    %load/vec4 v000001bbec1f7650_0;
    %store/vec4 v000001bbec1f78d0_0, 0, 11;
    %load/vec4 v000001bbec1f76f0_0;
    %store/vec4 v000001bbec1f7510_0, 0, 8;
    %load/vec4 v000001bbec1f7c90_0;
    %store/vec4 v000001bbec1f73d0_0, 0, 1;
    %load/vec4 v000001bbec1f7a10_0;
    %store/vec4 v000001bbec1f7970_0, 0, 1;
    %fork TD_DirectMap_tb.show, S_000001bbec162fb0;
    %join;
    %delay 10000, 0;
    %vpi_call 2 82 "$finish" {0 0 0};
    %end;
    .thread T_4;
# The file index is used to find the file name in the following table.
:file_names 4;
    "N/A";
    "<interactive>";
    ".\x_tb.v";
    ".\x.v";
