#! /c/Source/iverilog-install/bin/vvp
:ivl_version "12.0 (devel)" "(s20150603-1110-g18392a46)";
:ivl_delay_selection "TYPICAL";
:vpi_time_precision - 12;
:vpi_module "C:\iverilog\lib\ivl\system.vpi";
:vpi_module "C:\iverilog\lib\ivl\vhdl_sys.vpi";
:vpi_module "C:\iverilog\lib\ivl\vhdl_textio.vpi";
:vpi_module "C:\iverilog\lib\ivl\v2005_math.vpi";
:vpi_module "C:\iverilog\lib\ivl\va_math.vpi";
S_0000021c2fd73030 .scope module, "que1_tb" "que1_tb" 2 2;
 .timescale -9 -12;
v0000021c2fdce160_0 .var "B", 4 1;
v0000021c2fdce200_0 .net "X", 4 1, L_0000021c2fdcd300;  1 drivers
S_0000021c2febe5e0 .scope begin, "$ivl_for_loop0" "$ivl_for_loop0" 2 13, 2 13 0, S_0000021c2fd73030;
 .timescale -9 -12;
v0000021c2fd6eb20_0 .var/i "i", 31 0;
S_0000021c2febe770 .scope module, "uut" "que1" 2 6, 3 1 0, S_0000021c2fd73030;
 .timescale 0 0;
    .port_info 0 /INPUT 4 "B";
    .port_info 1 /OUTPUT 4 "X";
L_0000021c2fd70c20 .functor AND 1, L_0000021c2fdce480, L_0000021c2fdce2a0, C4<1>, C4<1>;
L_0000021c2fd70f30 .functor AND 1, L_0000021c2fdcd760, L_0000021c2fdce980, C4<1>, C4<1>;
L_0000021c2fd71240 .functor NOT 1, L_0000021c2fdcd120, C4<0>, C4<0>, C4<0>;
L_0000021c2fd71160 .functor AND 1, L_0000021c2fdceac0, L_0000021c2fd71240, C4<1>, C4<1>;
L_0000021c2fd70ec0 .functor NOT 1, L_0000021c2fdcd940, C4<0>, C4<0>, C4<0>;
L_0000021c2fd70c90 .functor AND 1, L_0000021c2fd71160, L_0000021c2fd70ec0, C4<1>, C4<1>;
L_0000021c2fd70d00 .functor AND 1, L_0000021c2fdcd9e0, L_0000021c2fdcd3a0, C4<1>, C4<1>;
L_0000021c2fd711d0 .functor NOT 1, L_0000021c2fdcdbc0, C4<0>, C4<0>, C4<0>;
L_0000021c2fd70b40 .functor AND 1, L_0000021c2fd711d0, L_0000021c2fdcd8a0, C4<1>, C4<1>;
L_0000021c2fd70d70 .functor NOT 1, L_0000021c2fdcdc60, C4<0>, C4<0>, C4<0>;
L_0000021c2fd70bb0 .functor NOT 1, L_0000021c2fdce7a0, C4<0>, C4<0>, C4<0>;
L_0000021c2fdcede0 .functor AND 1, L_0000021c2fd70d70, L_0000021c2fd70bb0, C4<1>, C4<1>;
L_0000021c2fdcf470 .functor AND 1, L_0000021c2fdcdda0, L_0000021c2fdcce00, C4<1>, C4<1>;
L_0000021c2fdcf4e0 .functor OR 1, L_0000021c2fdcde40, L_0000021c2fdce020, C4<0>, C4<0>;
L_0000021c2fdcef30 .functor OR 1, L_0000021c2fdcf4e0, L_0000021c2fdcdee0, C4<0>, C4<0>;
L_0000021c2fdcf1d0 .functor OR 1, L_0000021c2fdccea0, L_0000021c2fdccfe0, C4<0>, C4<0>;
L_0000021c2fdcf550 .functor OR 1, L_0000021c2fdcf1d0, L_0000021c2fdcdf80, C4<0>, C4<0>;
L_0000021c2fdcf860 .functor OR 1, L_0000021c2fdce0c0, L_0000021c2fdcd260, C4<0>, C4<0>;
L_0000021c2fdcf6a0 .functor NOT 1, L_0000021c2fdceb60, C4<0>, C4<0>, C4<0>;
v0000021c2fd6e440_0 .net "B", 4 1, v0000021c2fdce160_0;  1 drivers
v0000021c2fd6cf00_0 .net "X", 4 1, L_0000021c2fdcd300;  alias, 1 drivers
v0000021c2fd6de00_0 .net *"_ivl_100", 0 0, L_0000021c2fdcd260;  1 drivers
v0000021c2fd6d4a0_0 .net *"_ivl_101", 0 0, L_0000021c2fdcf860;  1 drivers
v0000021c2fd6ebc0_0 .net *"_ivl_107", 0 0, L_0000021c2fdceb60;  1 drivers
v0000021c2fd6d900_0 .net *"_ivl_108", 0 0, L_0000021c2fdcf6a0;  1 drivers
v0000021c2fd6e080_0 .net *"_ivl_11", 0 0, L_0000021c2fdcd760;  1 drivers
v0000021c2fd6e620_0 .net *"_ivl_13", 0 0, L_0000021c2fdce980;  1 drivers
v0000021c2fd6d7c0_0 .net *"_ivl_14", 0 0, L_0000021c2fd70f30;  1 drivers
v0000021c2fd6e8a0_0 .net *"_ivl_19", 0 0, L_0000021c2fdceac0;  1 drivers
v0000021c2fd6e260_0 .net *"_ivl_21", 0 0, L_0000021c2fdcd120;  1 drivers
v0000021c2fd6d5e0_0 .net *"_ivl_22", 0 0, L_0000021c2fd71240;  1 drivers
v0000021c2fd6e1c0_0 .net *"_ivl_24", 0 0, L_0000021c2fd71160;  1 drivers
v0000021c2fd6d360_0 .net *"_ivl_27", 0 0, L_0000021c2fdcd940;  1 drivers
v0000021c2fd6d680_0 .net *"_ivl_28", 0 0, L_0000021c2fd70ec0;  1 drivers
v0000021c2fd6da40_0 .net *"_ivl_3", 0 0, L_0000021c2fdce480;  1 drivers
v0000021c2fd6d400_0 .net *"_ivl_30", 0 0, L_0000021c2fd70c90;  1 drivers
v0000021c2fd6e6c0_0 .net *"_ivl_35", 0 0, L_0000021c2fdcd9e0;  1 drivers
v0000021c2fd6d720_0 .net *"_ivl_37", 0 0, L_0000021c2fdcd3a0;  1 drivers
v0000021c2fd6e300_0 .net *"_ivl_38", 0 0, L_0000021c2fd70d00;  1 drivers
v0000021c2fd6dcc0_0 .net *"_ivl_43", 0 0, L_0000021c2fdcdbc0;  1 drivers
v0000021c2fd6e580_0 .net *"_ivl_44", 0 0, L_0000021c2fd711d0;  1 drivers
v0000021c2fd6d2c0_0 .net *"_ivl_47", 0 0, L_0000021c2fdcd8a0;  1 drivers
v0000021c2fd6ed00_0 .net *"_ivl_48", 0 0, L_0000021c2fd70b40;  1 drivers
v0000021c2fd6d860_0 .net *"_ivl_5", 0 0, L_0000021c2fdce2a0;  1 drivers
v0000021c2fd6db80_0 .net *"_ivl_53", 0 0, L_0000021c2fdcdc60;  1 drivers
v0000021c2fd6e4e0_0 .net *"_ivl_54", 0 0, L_0000021c2fd70d70;  1 drivers
v0000021c2fd6e760_0 .net *"_ivl_57", 0 0, L_0000021c2fdce7a0;  1 drivers
v0000021c2fd6cfa0_0 .net *"_ivl_58", 0 0, L_0000021c2fd70bb0;  1 drivers
v0000021c2fd6e940_0 .net *"_ivl_6", 0 0, L_0000021c2fd70c20;  1 drivers
v0000021c2fd6ec60_0 .net *"_ivl_60", 0 0, L_0000021c2fdcede0;  1 drivers
v0000021c2fd6d9a0_0 .net *"_ivl_66", 0 0, L_0000021c2fdcdda0;  1 drivers
v0000021c2fd6d040_0 .net *"_ivl_68", 0 0, L_0000021c2fdcce00;  1 drivers
v0000021c2fd6d220_0 .net *"_ivl_69", 0 0, L_0000021c2fdcf470;  1 drivers
v0000021c2fd66790_0 .net *"_ivl_74", 0 0, L_0000021c2fdcde40;  1 drivers
v0000021c2fdccf40_0 .net *"_ivl_76", 0 0, L_0000021c2fdce020;  1 drivers
v0000021c2fdcda80_0 .net *"_ivl_77", 0 0, L_0000021c2fdcf4e0;  1 drivers
v0000021c2fdcdb20_0 .net *"_ivl_80", 0 0, L_0000021c2fdcdee0;  1 drivers
v0000021c2fdcd580_0 .net *"_ivl_81", 0 0, L_0000021c2fdcef30;  1 drivers
v0000021c2fdcea20_0 .net *"_ivl_86", 0 0, L_0000021c2fdccea0;  1 drivers
v0000021c2fdcdd00_0 .net *"_ivl_88", 0 0, L_0000021c2fdccfe0;  1 drivers
v0000021c2fdcd080_0 .net *"_ivl_89", 0 0, L_0000021c2fdcf1d0;  1 drivers
v0000021c2fdccd60_0 .net *"_ivl_92", 0 0, L_0000021c2fdcdf80;  1 drivers
v0000021c2fdce3e0_0 .net *"_ivl_93", 0 0, L_0000021c2fdcf550;  1 drivers
v0000021c2fdce8e0_0 .net *"_ivl_98", 0 0, L_0000021c2fdce0c0;  1 drivers
v0000021c2fdcd800_0 .net "w", 7 1, L_0000021c2fdcd1c0;  1 drivers
L_0000021c2fdce480 .part v0000021c2fdce160_0, 2, 1;
L_0000021c2fdce2a0 .part v0000021c2fdce160_0, 1, 1;
L_0000021c2fdcd760 .part v0000021c2fdce160_0, 2, 1;
L_0000021c2fdce980 .part v0000021c2fdce160_0, 0, 1;
L_0000021c2fdceac0 .part v0000021c2fdce160_0, 2, 1;
L_0000021c2fdcd120 .part v0000021c2fdce160_0, 1, 1;
L_0000021c2fdcd940 .part v0000021c2fdce160_0, 0, 1;
L_0000021c2fdcd9e0 .part v0000021c2fdce160_0, 2, 1;
L_0000021c2fdcd3a0 .part v0000021c2fdce160_0, 0, 1;
L_0000021c2fdcdbc0 .part v0000021c2fdce160_0, 2, 1;
L_0000021c2fdcd8a0 .part v0000021c2fdce160_0, 1, 1;
L_0000021c2fdcdc60 .part v0000021c2fdce160_0, 1, 1;
L_0000021c2fdce7a0 .part v0000021c2fdce160_0, 0, 1;
LS_0000021c2fdcd1c0_0_0 .concat8 [ 1 1 1 1], L_0000021c2fdcf470, L_0000021c2fdcede0, L_0000021c2fd70b40, L_0000021c2fd70d00;
LS_0000021c2fdcd1c0_0_4 .concat8 [ 1 1 1 0], L_0000021c2fd70c90, L_0000021c2fd70f30, L_0000021c2fd70c20;
L_0000021c2fdcd1c0 .concat8 [ 4 3 0 0], LS_0000021c2fdcd1c0_0_0, LS_0000021c2fdcd1c0_0_4;
L_0000021c2fdcdda0 .part v0000021c2fdce160_0, 1, 1;
L_0000021c2fdcce00 .part v0000021c2fdce160_0, 0, 1;
L_0000021c2fdcde40 .part v0000021c2fdce160_0, 3, 1;
L_0000021c2fdce020 .part L_0000021c2fdcd1c0, 6, 1;
L_0000021c2fdcdee0 .part L_0000021c2fdcd1c0, 5, 1;
L_0000021c2fdccea0 .part L_0000021c2fdcd1c0, 4, 1;
L_0000021c2fdccfe0 .part L_0000021c2fdcd1c0, 3, 1;
L_0000021c2fdcdf80 .part L_0000021c2fdcd1c0, 2, 1;
L_0000021c2fdce0c0 .part L_0000021c2fdcd1c0, 1, 1;
L_0000021c2fdcd260 .part L_0000021c2fdcd1c0, 0, 1;
L_0000021c2fdcd300 .concat8 [ 1 1 1 1], L_0000021c2fdcf6a0, L_0000021c2fdcf860, L_0000021c2fdcf550, L_0000021c2fdcef30;
L_0000021c2fdceb60 .part v0000021c2fdce160_0, 0, 1;
    .scope S_0000021c2fd73030;
T_0 ;
    %vpi_call 2 9 "$dumpfile", "que1.vcd" {0 0 0};
    %vpi_call 2 10 "$dumpvars", 32'sb00000000000000000000000000000000, S_0000021c2fd73030 {0 0 0};
    %vpi_call 2 11 "$monitor", "t = %0t B = %b -> X = %b", $time, v0000021c2fdce160_0, v0000021c2fdce200_0 {0 0 0};
    %fork t_1, S_0000021c2febe5e0;
    %jmp t_0;
    .scope S_0000021c2febe5e0;
t_1 ;
    %pushi/vec4 0, 0, 32;
    %store/vec4 v0000021c2fd6eb20_0, 0, 32;
T_0.0 ;
    %load/vec4 v0000021c2fd6eb20_0;
    %cmpi/s 8, 0, 32;
    %flag_or 5, 4;
    %jmp/0xz T_0.1, 5;
    %load/vec4 v0000021c2fd6eb20_0;
    %pad/s 4;
    %store/vec4 v0000021c2fdce160_0, 0, 4;
    %delay 10000, 0;
    ; show_stmt_assign_vector: Get l-value for compressed += operand
    %load/vec4 v0000021c2fd6eb20_0;
    %pushi/vec4 1, 0, 32;
    %add;
    %store/vec4 v0000021c2fd6eb20_0, 0, 32;
    %jmp T_0.0;
T_0.1 ;
    %end;
    .scope S_0000021c2fd73030;
t_0 %join;
    %vpi_call 2 17 "$finish" {0 0 0};
    %end;
    .thread T_0;
# The file index is used to find the file name in the following table.
:file_names 4;
    "N/A";
    "<interactive>";
    ".\que1_tb.v";
    ".\que1.v";
