#! /c/Source/iverilog-install/bin/vvp
:ivl_version "12.0 (devel)" "(s20150603-1110-g18392a46)";
:ivl_delay_selection "TYPICAL";
:vpi_time_precision - 12;
:vpi_module "C:\iverilog\lib\ivl\system.vpi";
:vpi_module "C:\iverilog\lib\ivl\vhdl_sys.vpi";
:vpi_module "C:\iverilog\lib\ivl\vhdl_textio.vpi";
:vpi_module "C:\iverilog\lib\ivl\v2005_math.vpi";
:vpi_module "C:\iverilog\lib\ivl\va_math.vpi";
S_0000013f801eb9d0 .scope module, "x_tb" "x_tb" 2 2;
 .timescale -9 -12;
v0000013f80082f60_0 .var "clk", 0 0;
v0000013f80083000_0 .net "q1", 0 0, v0000013f801ed9c0_0;  1 drivers
v0000013f800830a0_0 .net "q2", 0 0, v0000013f80082ce0_0;  1 drivers
v0000013f800a5a40_0 .net "q3", 0 0, L_0000013f800837d0;  1 drivers
v0000013f800a5ae0_0 .var "reset", 0 0;
S_0000013f801ebb60 .scope module, "uut" "x" 2 6, 3 1 0, S_0000013f801eb9d0;
 .timescale 0 0;
    .port_info 0 /INPUT 1 "clk";
    .port_info 1 /INPUT 1 "reset";
    .port_info 2 /OUTPUT 1 "q1";
    .port_info 3 /OUTPUT 1 "q2";
    .port_info 4 /OUTPUT 1 "q3";
L_0000013f800837d0 .functor BUFZ 1, v0000013f80082e20_0, C4<0>, C4<0>, C4<0>;
v0000013f80083390_0 .net "clk", 0 0, v0000013f80082f60_0;  1 drivers
v0000013f801ed9c0_0 .var "q1", 0 0;
v0000013f80082ce0_0 .var "q2", 0 0;
v0000013f80082d80_0 .net "q3", 0 0, L_0000013f800837d0;  alias, 1 drivers
v0000013f80082e20_0 .var "q3_reg", 0 0;
v0000013f80082ec0_0 .net "reset", 0 0, v0000013f800a5ae0_0;  1 drivers
E_0000013f800b85f0 .event posedge, v0000013f80082ec0_0, v0000013f80083390_0;
    .scope S_0000013f801ebb60;
T_0 ;
    %wait E_0000013f800b85f0;
    %load/vec4 v0000013f80082ec0_0;
    %flag_set/vec4 8;
    %jmp/0xz  T_0.0, 8;
    %pushi/vec4 0, 0, 1;
    %assign/vec4 v0000013f801ed9c0_0, 0;
    %pushi/vec4 0, 0, 1;
    %assign/vec4 v0000013f80082ce0_0, 0;
    %pushi/vec4 0, 0, 1;
    %assign/vec4 v0000013f80082e20_0, 0;
    %jmp T_0.1;
T_0.0 ;
    %load/vec4 v0000013f801ed9c0_0;
    %inv;
    %assign/vec4 v0000013f801ed9c0_0, 0;
    %load/vec4 v0000013f801ed9c0_0;
    %flag_set/vec4 8;
    %jmp/0xz  T_0.2, 8;
    %load/vec4 v0000013f80082ce0_0;
    %inv;
    %assign/vec4 v0000013f80082ce0_0, 0;
T_0.2 ;
    %load/vec4 v0000013f801ed9c0_0;
    %load/vec4 v0000013f80082ce0_0;
    %and;
    %flag_set/vec4 8;
    %jmp/0xz  T_0.4, 8;
    %load/vec4 v0000013f80082e20_0;
    %inv;
    %assign/vec4 v0000013f80082e20_0, 0;
T_0.4 ;
T_0.1 ;
    %jmp T_0;
    .thread T_0;
    .scope S_0000013f801eb9d0;
T_1 ;
    %pushi/vec4 0, 0, 1;
    %store/vec4 v0000013f80082f60_0, 0, 1;
    %end;
    .thread T_1;
    .scope S_0000013f801eb9d0;
T_2 ;
    %delay 10000, 0;
    %load/vec4 v0000013f80082f60_0;
    %inv;
    %store/vec4 v0000013f80082f60_0, 0, 1;
    %jmp T_2;
    .thread T_2;
    .scope S_0000013f801eb9d0;
T_3 ;
    %vpi_call 2 12 "$dumpfile", "x.vcd" {0 0 0};
    %vpi_call 2 13 "$dumpvars", 32'sb00000000000000000000000000000000, S_0000013f801eb9d0 {0 0 0};
    %vpi_call 2 14 "$monitor", "t=%0t clk=%b reset=%b q1 = %b q2=%b q3 = %b ", $time, v0000013f80082f60_0, v0000013f800a5ae0_0, v0000013f80083000_0, v0000013f800830a0_0, v0000013f800a5a40_0 {0 0 0};
    %pushi/vec4 1, 0, 1;
    %store/vec4 v0000013f800a5ae0_0, 0, 1;
    %delay 10000, 0;
    %pushi/vec4 0, 0, 1;
    %store/vec4 v0000013f800a5ae0_0, 0, 1;
    %delay 200000, 0;
    %vpi_call 2 18 "$finish" {0 0 0};
    %end;
    .thread T_3;
# The file index is used to find the file name in the following table.
:file_names 4;
    "N/A";
    "<interactive>";
    ".\que2_tb.v";
    ".\que2.v";
